12:55:38.549 [main] INFO  org.eclipse.jetty.util.log  - Logging initialized @6124ms to org.eclipse.jetty.util.log.Slf4jLog
12:55:38.733 [main] INFO  org.eclipse.jetty.server.Server  - jetty-9.4.18.v20190429; built: 2019-04-29T20:42:08.989Z; git: e1bc35120a6617ee3df052294e433f3a25ce7097; jvm 11.0.8+10
12:55:38.762 [main] INFO  o.e.j.server.handler.ContextHandler  - Started o.e.j.s.ServletContextHandler@68dee76e{/,null,AVAILABLE}
12:55:38.799 [main] INFO  o.e.jetty.server.AbstractConnector  - Started ServerConnector@416e5cb{HTTP/1.1,[http/1.1, h2c]}{localhost:8080}
12:55:38.799 [main] INFO  org.eclipse.jetty.server.Server  - Started @6379ms
12:55:59.507 [qtp517464128-20] INFO  io.pedestal.http  - {:msg "GET /ping", :line 80}
13:01:18.377 [main] INFO  org.eclipse.jetty.util.log  - Logging initialized @6397ms to org.eclipse.jetty.util.log.Slf4jLog
13:01:18.581 [main] INFO  org.eclipse.jetty.server.Server  - jetty-9.4.18.v20190429; built: 2019-04-29T20:42:08.989Z; git: e1bc35120a6617ee3df052294e433f3a25ce7097; jvm 11.0.8+10
13:01:18.603 [main] INFO  o.e.j.server.handler.ContextHandler  - Started o.e.j.s.ServletContextHandler@3447c3ed{/,null,AVAILABLE}
13:01:18.640 [main] INFO  o.e.jetty.server.AbstractConnector  - Started ServerConnector@5f580241{HTTP/1.1,[http/1.1, h2c]}{localhost:8080}
13:01:18.641 [main] INFO  org.eclipse.jetty.server.Server  - Started @6663ms
13:01:22.175 [qtp1839532943-20] INFO  io.pedestal.http  - {:msg "GET /ping", :line 80}
13:01:24.184 [qtp1839532943-15] INFO  io.pedestal.http  - {:msg "GET /ping", :line 80}
13:01:24.962 [qtp1839532943-19] INFO  io.pedestal.http  - {:msg "GET /ping", :line 80}
13:01:25.585 [qtp1839532943-21] INFO  io.pedestal.http  - {:msg "GET /ping", :line 80}
13:01:26.130 [qtp1839532943-19] INFO  io.pedestal.http  - {:msg "GET /ping", :line 80}
13:01:26.735 [qtp1839532943-21] INFO  io.pedestal.http  - {:msg "GET /ping", :line 80}
13:01:27.224 [qtp1839532943-19] INFO  io.pedestal.http  - {:msg "GET /ping", :line 80}
13:01:28.208 [qtp1839532943-21] INFO  io.pedestal.http  - {:msg "GET /ping", :line 80}
13:19:28.394 [main] INFO  org.eclipse.jetty.util.log  - Logging initialized @6297ms to org.eclipse.jetty.util.log.Slf4jLog
13:19:28.613 [main] INFO  org.eclipse.jetty.server.Server  - jetty-9.4.18.v20190429; built: 2019-04-29T20:42:08.989Z; git: e1bc35120a6617ee3df052294e433f3a25ce7097; jvm 11.0.8+10
13:19:28.637 [main] INFO  o.e.j.server.handler.ContextHandler  - Started o.e.j.s.ServletContextHandler@345292c1{/,null,AVAILABLE}
13:19:28.671 [main] INFO  o.e.jetty.server.AbstractConnector  - Started ServerConnector@266a77ac{HTTP/1.1,[http/1.1, h2c]}{localhost:8080}
13:19:28.671 [main] INFO  org.eclipse.jetty.server.Server  - Started @6578ms
13:19:38.768 [qtp1634773603-20] INFO  io.pedestal.http  - {:msg "GET /models", :line 80}
13:19:43.655 [qtp1634773603-16] INFO  io.pedestal.http  - {:msg "GET /models", :line 80}
13:19:45.282 [qtp1634773603-19] INFO  io.pedestal.http  - {:msg "GET /models", :line 80}
13:19:46.303 [qtp1634773603-21] INFO  io.pedestal.http  - {:msg "GET /models", :line 80}
14:15:23.466 [main] INFO  org.eclipse.jetty.util.log  - Logging initialized @6250ms to org.eclipse.jetty.util.log.Slf4jLog
14:15:23.664 [main] INFO  org.eclipse.jetty.server.Server  - jetty-9.4.18.v20190429; built: 2019-04-29T20:42:08.989Z; git: e1bc35120a6617ee3df052294e433f3a25ce7097; jvm 11.0.8+10
14:15:23.688 [main] INFO  o.e.j.server.handler.ContextHandler  - Started o.e.j.s.ServletContextHandler@78dbb023{/,null,AVAILABLE}
14:15:23.722 [main] INFO  o.e.jetty.server.AbstractConnector  - Started ServerConnector@10370297{HTTP/1.1,[http/1.1, h2c]}{localhost:8080}
14:15:23.722 [main] INFO  org.eclipse.jetty.server.Server  - Started @6512ms
14:15:33.396 [qtp2049070779-20] INFO  io.pedestal.http  - {:msg "POST /models", :line 80}
14:15:33.765 [qtp2049070779-20] ERROR i.p.http.impl.servlet-interceptor  - {:msg "error-ring-response triggered", :context {:response nil, :io.pedestal.interceptor.chain/stack (#Interceptor{:name :io.pedestal.http.impl.servlet-interceptor/stylobate} #Interceptor{:name :io.pedestal.http.impl.servlet-interceptor/terminator-injector}), :request {:json-params {:model_name "no_cyl", :url "/Users/santiago/code/sagemaker-multimodel-clj/resources/no_cyl/model"}, :protocol "HTTP/1.1", :async-supported? true, :remote-addr "127.0.0.1", :servlet-response #object[org.eclipse.jetty.server.Response 0x38bc9687 "HTTP/1.1 200 \nDate: Sun, 09 Aug 2020 12:15:33 GMT\r\n\r\n"], :servlet #object[io.pedestal.http.servlet.FnServlet 0x1e38b549 "io.pedestal.http.servlet.FnServlet@1e38b549"], :headers {"host" "localhost:8080", "user-agent" "PostmanRuntime/7.26.2", "content-type" "application/json", "content-length" "113", "connection" "keep-alive", "accept" "*/*", "accept-encoding" "gzip, deflate, br", "postman-token" "42a390fb-073a-47c3-8078-6a92bf43b896", "cache-control" "no-cache"}, :server-port 8080, :servlet-request #object[org.eclipse.jetty.server.Request 0x2a2b7ae9 "Request(POST //localhost:8080/models)@2a2b7ae9"], :content-length 113, :content-type "application/json", :path-info "/models", :character-encoding "UTF-8", :url-for #object[clojure.lang.Delay 0x18a2e39 {:status :pending, :val nil}], :uri "/models", :server-name "localhost", :query-string nil, :path-params [], :body #object[org.eclipse.jetty.server.HttpInputOverHTTP 0x7007e0d3 "HttpInputOverHTTP@7007e0d3[c=113,q=0,[0]=null,s=STREAM]"], :scheme :http, :request-method :post, :context-path ""}, :bindings {#'io.pedestal.http.route/*url-for* #object[clojure.lang.Delay 0x18a2e39 {:status :pending, :val nil}]}, :enter-async [#object[io.pedestal.http.impl.servlet_interceptor$start_servlet_async 0x475b5301 "io.pedestal.http.impl.servlet_interceptor$start_servlet_async@475b5301"]], :io.pedestal.interceptor.chain/terminators (#object[io.pedestal.http.impl.servlet_interceptor$terminator_inject$fn__15749 0x37bd6c34 "io.pedestal.http.impl.servlet_interceptor$terminator_inject$fn__15749@37bd6c34"]), :servlet-response #object[org.eclipse.jetty.server.Response 0x38bc9687 "HTTP/1.1 200 \nDate: Sun, 09 Aug 2020 12:15:33 GMT\r\n\r\n"], :route {:path "/models", :method :post, :path-re #"/\Qmodels\E", :path-parts ["models"], :interceptors [#Interceptor{:name :io.pedestal.http.body-params/body-params} #Interceptor{:name :io.pedestal.http/html-body} #Interceptor{:name }], :route-name :jcpsantiago.sagemaker-multimodel-clj.handlers/load-model!, :path-params [], :io.pedestal.http.route.prefix-tree/satisfies-constraints? #object[clojure.core$constantly$fn__5672 0x45db6aef "clojure.core$constantly$fn__5672@45db6aef"]}, :servlet #object[io.pedestal.http.servlet.FnServlet 0x1e38b549 "io.pedestal.http.servlet.FnServlet@1e38b549"], :servlet-request #object[org.eclipse.jetty.server.Request 0x2a2b7ae9 "Request(POST //localhost:8080/models)@2a2b7ae9"], :url-for #object[clojure.lang.Delay 0x18a2e39 {:status :pending, :val nil}], :io.pedestal.interceptor.chain/execution-id 1, :servlet-config #object[org.eclipse.jetty.servlet.ServletHolder$Config 0x600fa57e "org.eclipse.jetty.servlet.ServletHolder$Config@600fa57e"], :async? #object[io.pedestal.http.impl.servlet_interceptor$servlet_async_QMARK_ 0x7d512125 "io.pedestal.http.impl.servlet_interceptor$servlet_async_QMARK_@7d512125"]}, :line 253}
clojure.lang.ExceptionInfo: ml.dmlc.xgboost4j.java.XGBoostError in Interceptor  - [14:15:33] /Users/nanzhu/code/xgboost/dmlc-core/src/io/local_filesys.cc:209: Check failed: allow_null:  LocalFileSystem::Open "/Users/santiago/code/sagemaker-multimodel-clj/resources/no_cyl/model/model.xgb": No such file or directory
Stack trace:
  [bt] (0) 1   libxgboost4j8997130926858232312.dyl 0x0000000136f9db0e dmlc::LogMessageFatal::~LogMessageFatal() + 110
  [bt] (1) 2   libxgboost4j8997130926858232312.dyl 0x00000001371412d4 dmlc::io::LocalFileSystem::Open(dmlc::io::URI const&, char const*, bool) + 1060
  [bt] (2) 3   libxgboost4j8997130926858232312.dyl 0x0000000137125a1e dmlc::Stream::Create(char const*, char const*, bool) + 62
  [bt] (3) 4   libxgboost4j8997130926858232312.dyl 0x0000000136fa3de8 XGBoosterLoadModel + 520
  [bt] (4) 5   libxgboost4j8997130926858232312.dyl 0x0000000136f9bd90 Java_ml_dmlc_xgboost4j_java_XGBoostJNI_XGBoosterLoadModel + 48
  [bt] (5) 6   ???                                 0x000000011c072330 0x0 + 4765197104
  [bt] (6) 7   ???                                 0x000000011c06c600 0x0 + 4765173248
  [bt] (7) 8   ???                                 0x000000011c06c940 0x0 + 4765174080


	at io.pedestal.interceptor.chain$throwable__GT_ex_info.invokeStatic(chain.clj:35)
	at io.pedestal.interceptor.chain$throwable__GT_ex_info.invoke(chain.clj:32)
	at io.pedestal.interceptor.chain$try_f.invokeStatic(chain.clj:57)
	at io.pedestal.interceptor.chain$try_f.invoke(chain.clj:44)
	at io.pedestal.interceptor.chain$process_all_with_binding.invokeStatic(chain.clj:171)
	at io.pedestal.interceptor.chain$process_all_with_binding.invoke(chain.clj:146)
	at io.pedestal.interceptor.chain$process_all$fn__10620.invoke(chain.clj:188)
	at clojure.lang.AFn.applyToHelper(AFn.java:152)
	at clojure.lang.AFn.applyTo(AFn.java:144)
	at clojure.core$apply.invokeStatic(core.clj:665)
	at clojure.core$with_bindings_STAR_.invokeStatic(core.clj:1973)
	at clojure.core$with_bindings_STAR_.doInvoke(core.clj:1973)
	at clojure.lang.RestFn.invoke(RestFn.java:425)
	at io.pedestal.interceptor.chain$process_all.invokeStatic(chain.clj:186)
	at io.pedestal.interceptor.chain$process_all.invoke(chain.clj:182)
	at io.pedestal.interceptor.chain$enter_all.invokeStatic(chain.clj:235)
	at io.pedestal.interceptor.chain$enter_all.invoke(chain.clj:229)
	at io.pedestal.interceptor.chain$execute.invokeStatic(chain.clj:379)
	at io.pedestal.interceptor.chain$execute.invoke(chain.clj:352)
	at io.pedestal.interceptor.chain$execute.invokeStatic(chain.clj:389)
	at io.pedestal.interceptor.chain$execute.invoke(chain.clj:352)
	at io.pedestal.http.impl.servlet_interceptor$interceptor_service_fn$fn__15774.invoke(servlet_interceptor.clj:351)
	at io.pedestal.http.servlet.FnServlet.service(servlet.clj:28)
	at org.eclipse.jetty.servlet.ServletHolder.handle(ServletHolder.java:873)
	at org.eclipse.jetty.servlet.ServletHandler.doHandle(ServletHandler.java:542)
	at org.eclipse.jetty.server.handler.ScopedHandler.nextHandle(ScopedHandler.java:255)
	at org.eclipse.jetty.server.handler.ContextHandler.doHandle(ContextHandler.java:1345)
	at org.eclipse.jetty.server.handler.ScopedHandler.nextScope(ScopedHandler.java:203)
	at org.eclipse.jetty.servlet.ServletHandler.doScope(ServletHandler.java:480)
	at org.eclipse.jetty.server.handler.ScopedHandler.nextScope(ScopedHandler.java:201)
	at org.eclipse.jetty.server.handler.ContextHandler.doScope(ContextHandler.java:1247)
	at org.eclipse.jetty.server.handler.ScopedHandler.handle(ScopedHandler.java:144)
	at org.eclipse.jetty.server.handler.HandlerWrapper.handle(HandlerWrapper.java:132)
	at org.eclipse.jetty.server.Server.handle(Server.java:505)
	at org.eclipse.jetty.server.HttpChannel.handle(HttpChannel.java:370)
	at org.eclipse.jetty.server.HttpConnection.onFillable(HttpConnection.java:267)
	at org.eclipse.jetty.io.AbstractConnection$ReadCallback.succeeded(AbstractConnection.java:305)
	at org.eclipse.jetty.io.FillInterest.fillable(FillInterest.java:103)
	at org.eclipse.jetty.io.ChannelEndPoint$2.run(ChannelEndPoint.java:117)
	at org.eclipse.jetty.util.thread.QueuedThreadPool.runJob(QueuedThreadPool.java:698)
	at org.eclipse.jetty.util.thread.QueuedThreadPool$Runner.run(QueuedThreadPool.java:804)
	at java.base/java.lang.Thread.run(Thread.java:834)
Caused by: ml.dmlc.xgboost4j.java.XGBoostError: [14:15:33] /Users/nanzhu/code/xgboost/dmlc-core/src/io/local_filesys.cc:209: Check failed: allow_null:  LocalFileSystem::Open "/Users/santiago/code/sagemaker-multimodel-clj/resources/no_cyl/model/model.xgb": No such file or directory
Stack trace:
  [bt] (0) 1   libxgboost4j8997130926858232312.dyl 0x0000000136f9db0e dmlc::LogMessageFatal::~LogMessageFatal() + 110
  [bt] (1) 2   libxgboost4j8997130926858232312.dyl 0x00000001371412d4 dmlc::io::LocalFileSystem::Open(dmlc::io::URI const&, char const*, bool) + 1060
  [bt] (2) 3   libxgboost4j8997130926858232312.dyl 0x0000000137125a1e dmlc::Stream::Create(char const*, char const*, bool) + 62
  [bt] (3) 4   libxgboost4j8997130926858232312.dyl 0x0000000136fa3de8 XGBoosterLoadModel + 520
  [bt] (4) 5   libxgboost4j8997130926858232312.dyl 0x0000000136f9bd90 Java_ml_dmlc_xgboost4j_java_XGBoostJNI_XGBoosterLoadModel + 48
  [bt] (5) 6   ???                                 0x000000011c072330 0x0 + 4765197104
  [bt] (6) 7   ???                                 0x000000011c06c600 0x0 + 4765173248
  [bt] (7) 8   ???                                 0x000000011c06c940 0x0 + 4765174080


	at ml.dmlc.xgboost4j.java.XGBoostJNI.checkCall(XGBoostJNI.java:48)
	at ml.dmlc.xgboost4j.java.Booster.loadModel(Booster.java:67)
	at ml.dmlc.xgboost4j.java.XGBoost.loadModel(XGBoost.java:45)
	at java.base/jdk.internal.reflect.NativeMethodAccessorImpl.invoke0(Native Method)
	at java.base/jdk.internal.reflect.NativeMethodAccessorImpl.invoke(NativeMethodAccessorImpl.java:62)
	at java.base/jdk.internal.reflect.DelegatingMethodAccessorImpl.invoke(DelegatingMethodAccessorImpl.java:43)
	at java.base/java.lang.reflect.Method.invoke(Method.java:566)
	at clojure.lang.Reflector.invokeMatchingMethod(Reflector.java:167)
	at clojure.lang.Reflector.invokeStaticMethod(Reflector.java:332)
	at clj_boost.core$load_model.invokeStatic(core.clj:262)
	at clj_boost.core$load_model.invoke(core.clj:250)
	at jcpsantiago.sagemaker_multimodel_clj.handlers$load_model_BANG_.invokeStatic(handlers.clj:40)
	at jcpsantiago.sagemaker_multimodel_clj.handlers$load_model_BANG_.invoke(handlers.clj:30)
	at io.pedestal.interceptor$eval306$fn__307$fn__308.invoke(interceptor.clj:41)
	at io.pedestal.interceptor.chain$try_f.invokeStatic(chain.clj:54)
	... 39 common frames omitted
14:15:33.766 [qtp2049070779-20] INFO  i.p.http.impl.servlet-interceptor  - {:msg "sending error", :message "Internal server error: exception", :line 215}
14:17:12.948 [main] INFO  org.eclipse.jetty.util.log  - Logging initialized @6349ms to org.eclipse.jetty.util.log.Slf4jLog
14:17:13.138 [main] INFO  org.eclipse.jetty.server.Server  - jetty-9.4.18.v20190429; built: 2019-04-29T20:42:08.989Z; git: e1bc35120a6617ee3df052294e433f3a25ce7097; jvm 11.0.8+10
14:17:13.161 [main] INFO  o.e.j.server.handler.ContextHandler  - Started o.e.j.s.ServletContextHandler@78dbb023{/,null,AVAILABLE}
14:17:13.195 [main] INFO  o.e.jetty.server.AbstractConnector  - Started ServerConnector@10370297{HTTP/1.1,[http/1.1, h2c]}{localhost:8080}
14:17:13.195 [main] INFO  org.eclipse.jetty.server.Server  - Started @6598ms
14:17:22.885 [qtp2049070779-20] INFO  io.pedestal.http  - {:msg "POST /models", :line 80}
14:17:23.057 [qtp2049070779-20] ERROR i.p.http.impl.servlet-interceptor  - {:msg "error-ring-response triggered", :context {:response nil, :io.pedestal.interceptor.chain/stack (#Interceptor{:name :io.pedestal.http.impl.servlet-interceptor/stylobate} #Interceptor{:name :io.pedestal.http.impl.servlet-interceptor/terminator-injector}), :request {:json-params {:model_name "no_cyl", :url "/Users/santiago/code/sagemaker-multimodel-clj/resources/no_cyl/model"}, :protocol "HTTP/1.1", :async-supported? true, :remote-addr "127.0.0.1", :servlet-response #object[org.eclipse.jetty.server.Response 0x4b24cd10 "HTTP/1.1 200 \nDate: Sun, 09 Aug 2020 12:17:22 GMT\r\n\r\n"], :servlet #object[io.pedestal.http.servlet.FnServlet 0x4a46dadc "io.pedestal.http.servlet.FnServlet@4a46dadc"], :headers {"host" "localhost:8080", "user-agent" "PostmanRuntime/7.26.2", "content-type" "application/json", "content-length" "113", "connection" "keep-alive", "accept" "*/*", "accept-encoding" "gzip, deflate, br", "postman-token" "86a4981c-304d-4861-9a7a-7255c7a64092", "cache-control" "no-cache"}, :server-port 8080, :servlet-request #object[org.eclipse.jetty.server.Request 0x74ca6f62 "Request(POST //localhost:8080/models)@74ca6f62"], :content-length 113, :content-type "application/json", :path-info "/models", :character-encoding "UTF-8", :url-for #object[clojure.lang.Delay 0x1e57ef3e {:status :pending, :val nil}], :uri "/models", :server-name "localhost", :query-string nil, :path-params [], :body #object[org.eclipse.jetty.server.HttpInputOverHTTP 0x39c122e9 "HttpInputOverHTTP@39c122e9[c=113,q=0,[0]=null,s=STREAM]"], :scheme :http, :request-method :post, :context-path ""}, :bindings {#'io.pedestal.http.route/*url-for* #object[clojure.lang.Delay 0x1e57ef3e {:status :pending, :val nil}]}, :enter-async [#object[io.pedestal.http.impl.servlet_interceptor$start_servlet_async 0x644f2731 "io.pedestal.http.impl.servlet_interceptor$start_servlet_async@644f2731"]], :io.pedestal.interceptor.chain/terminators (#object[io.pedestal.http.impl.servlet_interceptor$terminator_inject$fn__15749 0x5c00ed06 "io.pedestal.http.impl.servlet_interceptor$terminator_inject$fn__15749@5c00ed06"]), :servlet-response #object[org.eclipse.jetty.server.Response 0x4b24cd10 "HTTP/1.1 200 \nDate: Sun, 09 Aug 2020 12:17:22 GMT\r\n\r\n"], :route {:path "/models", :method :post, :path-re #"/\Qmodels\E", :path-parts ["models"], :interceptors [#Interceptor{:name :io.pedestal.http.body-params/body-params} #Interceptor{:name :io.pedestal.http/html-body} #Interceptor{:name }], :route-name :jcpsantiago.sagemaker-multimodel-clj.handlers/load-model!, :path-params [], :io.pedestal.http.route.prefix-tree/satisfies-constraints? #object[clojure.core$constantly$fn__5672 0x7d8fc7a7 "clojure.core$constantly$fn__5672@7d8fc7a7"]}, :servlet #object[io.pedestal.http.servlet.FnServlet 0x4a46dadc "io.pedestal.http.servlet.FnServlet@4a46dadc"], :servlet-request #object[org.eclipse.jetty.server.Request 0x74ca6f62 "Request(POST //localhost:8080/models)@74ca6f62"], :url-for #object[clojure.lang.Delay 0x1e57ef3e {:status :pending, :val nil}], :io.pedestal.interceptor.chain/execution-id 1, :servlet-config #object[org.eclipse.jetty.servlet.ServletHolder$Config 0x4d697495 "org.eclipse.jetty.servlet.ServletHolder$Config@4d697495"], :async? #object[io.pedestal.http.impl.servlet_interceptor$servlet_async_QMARK_ 0x5002a4a6 "io.pedestal.http.impl.servlet_interceptor$servlet_async_QMARK_@5002a4a6"]}, :line 253}
clojure.lang.ExceptionInfo: ml.dmlc.xgboost4j.java.XGBoostError in Interceptor  - [14:17:23] /Users/nanzhu/code/xgboost/dmlc-core/src/io/local_filesys.cc:209: Check failed: allow_null:  LocalFileSystem::Open "/Users/santiago/code/sagemaker-multimodel-clj/resources/no_cyl/model/model.xgb": No such file or directory
Stack trace:
  [bt] (0) 1   libxgboost4j10166414593929705491.dy 0x0000000137cddb0e dmlc::LogMessageFatal::~LogMessageFatal() + 110
  [bt] (1) 2   libxgboost4j10166414593929705491.dy 0x0000000137e812d4 dmlc::io::LocalFileSystem::Open(dmlc::io::URI const&, char const*, bool) + 1060
  [bt] (2) 3   libxgboost4j10166414593929705491.dy 0x0000000137e65a1e dmlc::Stream::Create(char const*, char const*, bool) + 62
  [bt] (3) 4   libxgboost4j10166414593929705491.dy 0x0000000137ce3de8 XGBoosterLoadModel + 520
  [bt] (4) 5   libxgboost4j10166414593929705491.dy 0x0000000137cdbd90 Java_ml_dmlc_xgboost4j_java_XGBoostJNI_XGBoosterLoadModel + 48
  [bt] (5) 6   ???                                 0x000000011e3b2330 0x0 + 4802159408
  [bt] (6) 7   ???                                 0x000000011e3ac600 0x0 + 4802135552
  [bt] (7) 8   ???                                 0x000000011e3ac940 0x0 + 4802136384


	at io.pedestal.interceptor.chain$throwable__GT_ex_info.invokeStatic(chain.clj:35)
	at io.pedestal.interceptor.chain$throwable__GT_ex_info.invoke(chain.clj:32)
	at io.pedestal.interceptor.chain$try_f.invokeStatic(chain.clj:57)
	at io.pedestal.interceptor.chain$try_f.invoke(chain.clj:44)
	at io.pedestal.interceptor.chain$process_all_with_binding.invokeStatic(chain.clj:171)
	at io.pedestal.interceptor.chain$process_all_with_binding.invoke(chain.clj:146)
	at io.pedestal.interceptor.chain$process_all$fn__10620.invoke(chain.clj:188)
	at clojure.lang.AFn.applyToHelper(AFn.java:152)
	at clojure.lang.AFn.applyTo(AFn.java:144)
	at clojure.core$apply.invokeStatic(core.clj:665)
	at clojure.core$with_bindings_STAR_.invokeStatic(core.clj:1973)
	at clojure.core$with_bindings_STAR_.doInvoke(core.clj:1973)
	at clojure.lang.RestFn.invoke(RestFn.java:425)
	at io.pedestal.interceptor.chain$process_all.invokeStatic(chain.clj:186)
	at io.pedestal.interceptor.chain$process_all.invoke(chain.clj:182)
	at io.pedestal.interceptor.chain$enter_all.invokeStatic(chain.clj:235)
	at io.pedestal.interceptor.chain$enter_all.invoke(chain.clj:229)
	at io.pedestal.interceptor.chain$execute.invokeStatic(chain.clj:379)
	at io.pedestal.interceptor.chain$execute.invoke(chain.clj:352)
	at io.pedestal.interceptor.chain$execute.invokeStatic(chain.clj:389)
	at io.pedestal.interceptor.chain$execute.invoke(chain.clj:352)
	at io.pedestal.http.impl.servlet_interceptor$interceptor_service_fn$fn__15774.invoke(servlet_interceptor.clj:351)
	at io.pedestal.http.servlet.FnServlet.service(servlet.clj:28)
	at org.eclipse.jetty.servlet.ServletHolder.handle(ServletHolder.java:873)
	at org.eclipse.jetty.servlet.ServletHandler.doHandle(ServletHandler.java:542)
	at org.eclipse.jetty.server.handler.ScopedHandler.nextHandle(ScopedHandler.java:255)
	at org.eclipse.jetty.server.handler.ContextHandler.doHandle(ContextHandler.java:1345)
	at org.eclipse.jetty.server.handler.ScopedHandler.nextScope(ScopedHandler.java:203)
	at org.eclipse.jetty.servlet.ServletHandler.doScope(ServletHandler.java:480)
	at org.eclipse.jetty.server.handler.ScopedHandler.nextScope(ScopedHandler.java:201)
	at org.eclipse.jetty.server.handler.ContextHandler.doScope(ContextHandler.java:1247)
	at org.eclipse.jetty.server.handler.ScopedHandler.handle(ScopedHandler.java:144)
	at org.eclipse.jetty.server.handler.HandlerWrapper.handle(HandlerWrapper.java:132)
	at org.eclipse.jetty.server.Server.handle(Server.java:505)
	at org.eclipse.jetty.server.HttpChannel.handle(HttpChannel.java:370)
	at org.eclipse.jetty.server.HttpConnection.onFillable(HttpConnection.java:267)
	at org.eclipse.jetty.io.AbstractConnection$ReadCallback.succeeded(AbstractConnection.java:305)
	at org.eclipse.jetty.io.FillInterest.fillable(FillInterest.java:103)
	at org.eclipse.jetty.io.ChannelEndPoint$2.run(ChannelEndPoint.java:117)
	at org.eclipse.jetty.util.thread.QueuedThreadPool.runJob(QueuedThreadPool.java:698)
	at org.eclipse.jetty.util.thread.QueuedThreadPool$Runner.run(QueuedThreadPool.java:804)
	at java.base/java.lang.Thread.run(Thread.java:834)
Caused by: ml.dmlc.xgboost4j.java.XGBoostError: [14:17:23] /Users/nanzhu/code/xgboost/dmlc-core/src/io/local_filesys.cc:209: Check failed: allow_null:  LocalFileSystem::Open "/Users/santiago/code/sagemaker-multimodel-clj/resources/no_cyl/model/model.xgb": No such file or directory
Stack trace:
  [bt] (0) 1   libxgboost4j10166414593929705491.dy 0x0000000137cddb0e dmlc::LogMessageFatal::~LogMessageFatal() + 110
  [bt] (1) 2   libxgboost4j10166414593929705491.dy 0x0000000137e812d4 dmlc::io::LocalFileSystem::Open(dmlc::io::URI const&, char const*, bool) + 1060
  [bt] (2) 3   libxgboost4j10166414593929705491.dy 0x0000000137e65a1e dmlc::Stream::Create(char const*, char const*, bool) + 62
  [bt] (3) 4   libxgboost4j10166414593929705491.dy 0x0000000137ce3de8 XGBoosterLoadModel + 520
  [bt] (4) 5   libxgboost4j10166414593929705491.dy 0x0000000137cdbd90 Java_ml_dmlc_xgboost4j_java_XGBoostJNI_XGBoosterLoadModel + 48
  [bt] (5) 6   ???                                 0x000000011e3b2330 0x0 + 4802159408
  [bt] (6) 7   ???                                 0x000000011e3ac600 0x0 + 4802135552
  [bt] (7) 8   ???                                 0x000000011e3ac940 0x0 + 4802136384


	at ml.dmlc.xgboost4j.java.XGBoostJNI.checkCall(XGBoostJNI.java:48)
	at ml.dmlc.xgboost4j.java.Booster.loadModel(Booster.java:67)
	at ml.dmlc.xgboost4j.java.XGBoost.loadModel(XGBoost.java:45)
	at java.base/jdk.internal.reflect.NativeMethodAccessorImpl.invoke0(Native Method)
	at java.base/jdk.internal.reflect.NativeMethodAccessorImpl.invoke(NativeMethodAccessorImpl.java:62)
	at java.base/jdk.internal.reflect.DelegatingMethodAccessorImpl.invoke(DelegatingMethodAccessorImpl.java:43)
	at java.base/java.lang.reflect.Method.invoke(Method.java:566)
	at clojure.lang.Reflector.invokeMatchingMethod(Reflector.java:167)
	at clojure.lang.Reflector.invokeStaticMethod(Reflector.java:332)
	at clj_boost.core$load_model.invokeStatic(core.clj:262)
	at clj_boost.core$load_model.invoke(core.clj:250)
	at jcpsantiago.sagemaker_multimodel_clj.handlers$load_model_BANG_.invokeStatic(handlers.clj:39)
	at jcpsantiago.sagemaker_multimodel_clj.handlers$load_model_BANG_.invoke(handlers.clj:30)
	at io.pedestal.interceptor$eval306$fn__307$fn__308.invoke(interceptor.clj:41)
	at io.pedestal.interceptor.chain$try_f.invokeStatic(chain.clj:54)
	... 39 common frames omitted
14:17:23.058 [qtp2049070779-20] INFO  i.p.http.impl.servlet-interceptor  - {:msg "sending error", :message "Internal server error: exception", :line 215}
14:18:59.030 [main] INFO  org.eclipse.jetty.util.log  - Logging initialized @6365ms to org.eclipse.jetty.util.log.Slf4jLog
14:18:59.220 [main] INFO  org.eclipse.jetty.server.Server  - jetty-9.4.18.v20190429; built: 2019-04-29T20:42:08.989Z; git: e1bc35120a6617ee3df052294e433f3a25ce7097; jvm 11.0.8+10
14:18:59.245 [main] INFO  o.e.j.server.handler.ContextHandler  - Started o.e.j.s.ServletContextHandler@78dbb023{/,null,AVAILABLE}
14:18:59.281 [main] INFO  o.e.jetty.server.AbstractConnector  - Started ServerConnector@10370297{HTTP/1.1,[http/1.1, h2c]}{localhost:8080}
14:18:59.281 [main] INFO  org.eclipse.jetty.server.Server  - Started @6619ms
14:19:10.207 [qtp2049070779-20] INFO  io.pedestal.http  - {:msg "POST /models", :line 80}
14:19:10.384 [qtp2049070779-20] ERROR i.p.http.impl.servlet-interceptor  - {:msg "error-ring-response triggered", :context {:response [{"no_cyl" {:model-name "no_cyl", :model-url "/Users/santiago/code/sagemaker-multimodel-clj/resources/example_models/no_cyl/model", :model #object[ml.dmlc.xgboost4j.java.Booster 0x29f6990 "ml.dmlc.xgboost4j.java.Booster@29f6990"]}}], :io.pedestal.interceptor.chain/stack (#Interceptor{:name :io.pedestal.http.impl.servlet-interceptor/stylobate} #Interceptor{:name :io.pedestal.http.impl.servlet-interceptor/terminator-injector}), :request {:json-params {:model_name "no_cyl", :url "/Users/santiago/code/sagemaker-multimodel-clj/resources/example_models/no_cyl/model"}, :protocol "HTTP/1.1", :async-supported? true, :remote-addr "127.0.0.1", :servlet-response #object[org.eclipse.jetty.server.Response 0x2b7de47f "HTTP/1.1 200 \nDate: Sun, 09 Aug 2020 12:19:10 GMT\r\n\r\n"], :servlet #object[io.pedestal.http.servlet.FnServlet 0x497d895a "io.pedestal.http.servlet.FnServlet@497d895a"], :headers {"host" "localhost:8080", "user-agent" "PostmanRuntime/7.26.2", "content-type" "application/json", "content-length" "128", "connection" "keep-alive", "accept" "*/*", "accept-encoding" "gzip, deflate, br", "postman-token" "339d0377-1d7c-4a4a-852e-bd55dbd7e795", "cache-control" "no-cache"}, :server-port 8080, :servlet-request #object[org.eclipse.jetty.server.Request 0x738771d5 "Request(POST //localhost:8080/models)@738771d5"], :content-length 128, :content-type "application/json", :path-info "/models", :character-encoding "UTF-8", :url-for #object[clojure.lang.Delay 0x6b25613f {:status :pending, :val nil}], :uri "/models", :server-name "localhost", :query-string nil, :path-params [], :body #object[org.eclipse.jetty.server.HttpInputOverHTTP 0x2364bc57 "HttpInputOverHTTP@2364bc57[c=128,q=0,[0]=null,s=STREAM]"], :scheme :http, :request-method :post, :context-path ""}, :bindings {#'io.pedestal.http.route/*url-for* #object[clojure.lang.Delay 0x6b25613f {:status :pending, :val nil}]}, :enter-async [#object[io.pedestal.http.impl.servlet_interceptor$start_servlet_async 0x43079e42 "io.pedestal.http.impl.servlet_interceptor$start_servlet_async@43079e42"]], :io.pedestal.interceptor.chain/terminators (#object[io.pedestal.http.impl.servlet_interceptor$terminator_inject$fn__15749 0x3571c08e "io.pedestal.http.impl.servlet_interceptor$terminator_inject$fn__15749@3571c08e"]), :servlet-response #object[org.eclipse.jetty.server.Response 0x2b7de47f "HTTP/1.1 200 \nDate: Sun, 09 Aug 2020 12:19:10 GMT\r\n\r\n"], :route {:path "/models", :method :post, :path-re #"/\Qmodels\E", :path-parts ["models"], :interceptors [#Interceptor{:name :io.pedestal.http.body-params/body-params} #Interceptor{:name :io.pedestal.http/html-body} #Interceptor{:name }], :route-name :jcpsantiago.sagemaker-multimodel-clj.handlers/load-model!, :path-params [], :io.pedestal.http.route.prefix-tree/satisfies-constraints? #object[clojure.core$constantly$fn__5672 0x751d6386 "clojure.core$constantly$fn__5672@751d6386"]}, :servlet #object[io.pedestal.http.servlet.FnServlet 0x497d895a "io.pedestal.http.servlet.FnServlet@497d895a"], :servlet-request #object[org.eclipse.jetty.server.Request 0x738771d5 "Request(POST //localhost:8080/models)@738771d5"], :url-for #object[clojure.lang.Delay 0x6b25613f {:status :pending, :val nil}], :io.pedestal.interceptor.chain/execution-id 1, :servlet-config #object[org.eclipse.jetty.servlet.ServletHolder$Config 0x739dff76 "org.eclipse.jetty.servlet.ServletHolder$Config@739dff76"], :async? #object[io.pedestal.http.impl.servlet_interceptor$servlet_async_QMARK_ 0xc979ac9 "io.pedestal.http.impl.servlet_interceptor$servlet_async_QMARK_@c979ac9"]}, :line 253}
clojure.lang.ExceptionInfo: java.lang.IllegalArgumentException in Interceptor :io.pedestal.http.secure-headers/secure-headers - Key must be integer
	at io.pedestal.interceptor.chain$throwable__GT_ex_info.invokeStatic(chain.clj:35)
	at io.pedestal.interceptor.chain$throwable__GT_ex_info.invoke(chain.clj:32)
	at io.pedestal.interceptor.chain$try_f.invokeStatic(chain.clj:57)
	at io.pedestal.interceptor.chain$try_f.invoke(chain.clj:44)
	at io.pedestal.interceptor.chain$leave_all_with_binding.invokeStatic(chain.clj:254)
	at io.pedestal.interceptor.chain$leave_all_with_binding.invoke(chain.clj:237)
	at io.pedestal.interceptor.chain$leave_all$fn__10647.invoke(chain.clj:268)
	at clojure.lang.AFn.applyToHelper(AFn.java:152)
	at clojure.lang.AFn.applyTo(AFn.java:144)
	at clojure.core$apply.invokeStatic(core.clj:665)
	at clojure.core$with_bindings_STAR_.invokeStatic(core.clj:1973)
	at clojure.core$with_bindings_STAR_.doInvoke(core.clj:1973)
	at clojure.lang.RestFn.invoke(RestFn.java:425)
	at io.pedestal.interceptor.chain$leave_all.invokeStatic(chain.clj:266)
	at io.pedestal.interceptor.chain$leave_all.invoke(chain.clj:260)
	at io.pedestal.interceptor.chain$execute.invokeStatic(chain.clj:379)
	at io.pedestal.interceptor.chain$execute.invoke(chain.clj:352)
	at io.pedestal.interceptor.chain$execute.invokeStatic(chain.clj:389)
	at io.pedestal.interceptor.chain$execute.invoke(chain.clj:352)
	at io.pedestal.http.impl.servlet_interceptor$interceptor_service_fn$fn__15774.invoke(servlet_interceptor.clj:351)
	at io.pedestal.http.servlet.FnServlet.service(servlet.clj:28)
	at org.eclipse.jetty.servlet.ServletHolder.handle(ServletHolder.java:873)
	at org.eclipse.jetty.servlet.ServletHandler.doHandle(ServletHandler.java:542)
	at org.eclipse.jetty.server.handler.ScopedHandler.nextHandle(ScopedHandler.java:255)
	at org.eclipse.jetty.server.handler.ContextHandler.doHandle(ContextHandler.java:1345)
	at org.eclipse.jetty.server.handler.ScopedHandler.nextScope(ScopedHandler.java:203)
	at org.eclipse.jetty.servlet.ServletHandler.doScope(ServletHandler.java:480)
	at org.eclipse.jetty.server.handler.ScopedHandler.nextScope(ScopedHandler.java:201)
	at org.eclipse.jetty.server.handler.ContextHandler.doScope(ContextHandler.java:1247)
	at org.eclipse.jetty.server.handler.ScopedHandler.handle(ScopedHandler.java:144)
	at org.eclipse.jetty.server.handler.HandlerWrapper.handle(HandlerWrapper.java:132)
	at org.eclipse.jetty.server.Server.handle(Server.java:505)
	at org.eclipse.jetty.server.HttpChannel.handle(HttpChannel.java:370)
	at org.eclipse.jetty.server.HttpConnection.onFillable(HttpConnection.java:267)
	at org.eclipse.jetty.io.AbstractConnection$ReadCallback.succeeded(AbstractConnection.java:305)
	at org.eclipse.jetty.io.FillInterest.fillable(FillInterest.java:103)
	at org.eclipse.jetty.io.ChannelEndPoint$2.run(ChannelEndPoint.java:117)
	at org.eclipse.jetty.util.thread.QueuedThreadPool.runJob(QueuedThreadPool.java:698)
	at org.eclipse.jetty.util.thread.QueuedThreadPool$Runner.run(QueuedThreadPool.java:804)
	at java.base/java.lang.Thread.run(Thread.java:834)
Caused by: java.lang.IllegalArgumentException: Key must be integer
	at clojure.lang.APersistentVector.assoc(APersistentVector.java:347)
	at clojure.lang.APersistentVector.assoc(APersistentVector.java:18)
	at clojure.lang.RT.assoc(RT.java:827)
	at clojure.core$assoc__5416.invokeStatic(core.clj:191)
	at clojure.core$assoc_in.invokeStatic(core.clj:6169)
	at clojure.core$assoc_in.invokeStatic(core.clj:6169)
	at clojure.core$assoc_in.invoke(core.clj:6161)
	at io.pedestal.http.secure_headers$secure_headers$fn__14113.invoke(secure_headers.clj:186)
	at io.pedestal.interceptor.chain$try_f.invokeStatic(chain.clj:54)
	... 37 common frames omitted
14:19:10.385 [qtp2049070779-20] INFO  i.p.http.impl.servlet-interceptor  - {:msg "sending error", :message "Internal server error: exception", :line 215}
14:20:27.648 [main] INFO  org.eclipse.jetty.util.log  - Logging initialized @6212ms to org.eclipse.jetty.util.log.Slf4jLog
14:20:27.768 [main] INFO  org.eclipse.jetty.server.Server  - jetty-9.4.18.v20190429; built: 2019-04-29T20:42:08.989Z; git: e1bc35120a6617ee3df052294e433f3a25ce7097; jvm 11.0.8+10
14:20:27.789 [main] INFO  o.e.j.server.handler.ContextHandler  - Started o.e.j.s.ServletContextHandler@78dbb023{/,null,AVAILABLE}
14:20:27.822 [main] INFO  o.e.jetty.server.AbstractConnector  - Started ServerConnector@10370297{HTTP/1.1,[http/1.1, h2c]}{localhost:8080}
14:20:27.822 [main] INFO  org.eclipse.jetty.server.Server  - Started @6388ms
14:20:32.607 [qtp2049070779-20] INFO  io.pedestal.http  - {:msg "POST /models", :line 80}
14:20:32.775 [qtp2049070779-20] ERROR i.p.http.impl.servlet-interceptor  - {:msg "error-ring-response triggered", :context {:response [{"no_cyl" {:model-name "no_cyl", :model-url "/Users/santiago/code/sagemaker-multimodel-clj/resources/example_models/no_cyl/model", :model #object[ml.dmlc.xgboost4j.java.Booster 0xbc03d1b "ml.dmlc.xgboost4j.java.Booster@bc03d1b"]}}], :io.pedestal.interceptor.chain/stack (#Interceptor{:name :io.pedestal.http.impl.servlet-interceptor/stylobate} #Interceptor{:name :io.pedestal.http.impl.servlet-interceptor/terminator-injector}), :request {:json-params {:model_name "no_cyl", :url "/Users/santiago/code/sagemaker-multimodel-clj/resources/example_models/no_cyl/model"}, :protocol "HTTP/1.1", :async-supported? true, :remote-addr "127.0.0.1", :servlet-response #object[org.eclipse.jetty.server.Response 0x5b163dfd "HTTP/1.1 200 \nDate: Sun, 09 Aug 2020 12:20:32 GMT\r\n\r\n"], :servlet #object[io.pedestal.http.servlet.FnServlet 0x162da1a6 "io.pedestal.http.servlet.FnServlet@162da1a6"], :headers {"host" "localhost:8080", "user-agent" "PostmanRuntime/7.26.2", "content-type" "application/json", "content-length" "128", "connection" "keep-alive", "accept" "*/*", "accept-encoding" "gzip, deflate, br", "postman-token" "f934c82c-b872-404f-a638-b46d6c0b85da", "cache-control" "no-cache"}, :server-port 8080, :servlet-request #object[org.eclipse.jetty.server.Request 0x654f52a8 "Request(POST //localhost:8080/models)@654f52a8"], :content-length 128, :content-type "application/json", :path-info "/models", :character-encoding "UTF-8", :url-for #object[clojure.lang.Delay 0x7ea513a2 {:status :pending, :val nil}], :uri "/models", :server-name "localhost", :query-string nil, :path-params [], :body #object[org.eclipse.jetty.server.HttpInputOverHTTP 0x6160d4cc "HttpInputOverHTTP@6160d4cc[c=128,q=0,[0]=null,s=STREAM]"], :scheme :http, :request-method :post, :context-path ""}, :bindings {#'io.pedestal.http.route/*url-for* #object[clojure.lang.Delay 0x7ea513a2 {:status :pending, :val nil}]}, :enter-async [#object[io.pedestal.http.impl.servlet_interceptor$start_servlet_async 0x62914174 "io.pedestal.http.impl.servlet_interceptor$start_servlet_async@62914174"]], :io.pedestal.interceptor.chain/terminators (#object[io.pedestal.http.impl.servlet_interceptor$terminator_inject$fn__15749 0x120ec07e "io.pedestal.http.impl.servlet_interceptor$terminator_inject$fn__15749@120ec07e"]), :servlet-response #object[org.eclipse.jetty.server.Response 0x5b163dfd "HTTP/1.1 200 \nDate: Sun, 09 Aug 2020 12:20:32 GMT\r\n\r\n"], :route {:path "/models", :method :post, :path-re #"/\Qmodels\E", :path-parts ["models"], :interceptors [#Interceptor{:name :io.pedestal.http.body-params/body-params} #Interceptor{:name :io.pedestal.http/html-body} #Interceptor{:name }], :route-name :jcpsantiago.sagemaker-multimodel-clj.handlers/load-model!, :path-params [], :io.pedestal.http.route.prefix-tree/satisfies-constraints? #object[clojure.core$constantly$fn__5672 0x4460f99e "clojure.core$constantly$fn__5672@4460f99e"]}, :servlet #object[io.pedestal.http.servlet.FnServlet 0x162da1a6 "io.pedestal.http.servlet.FnServlet@162da1a6"], :servlet-request #object[org.eclipse.jetty.server.Request 0x654f52a8 "Request(POST //localhost:8080/models)@654f52a8"], :url-for #object[clojure.lang.Delay 0x7ea513a2 {:status :pending, :val nil}], :io.pedestal.interceptor.chain/execution-id 1, :servlet-config #object[org.eclipse.jetty.servlet.ServletHolder$Config 0x23c1836a "org.eclipse.jetty.servlet.ServletHolder$Config@23c1836a"], :async? #object[io.pedestal.http.impl.servlet_interceptor$servlet_async_QMARK_ 0x4bb3fc87 "io.pedestal.http.impl.servlet_interceptor$servlet_async_QMARK_@4bb3fc87"]}, :line 253}
clojure.lang.ExceptionInfo: java.lang.IllegalArgumentException in Interceptor :io.pedestal.http.secure-headers/secure-headers - Key must be integer
	at io.pedestal.interceptor.chain$throwable__GT_ex_info.invokeStatic(chain.clj:35)
	at io.pedestal.interceptor.chain$throwable__GT_ex_info.invoke(chain.clj:32)
	at io.pedestal.interceptor.chain$try_f.invokeStatic(chain.clj:57)
	at io.pedestal.interceptor.chain$try_f.invoke(chain.clj:44)
	at io.pedestal.interceptor.chain$leave_all_with_binding.invokeStatic(chain.clj:254)
	at io.pedestal.interceptor.chain$leave_all_with_binding.invoke(chain.clj:237)
	at io.pedestal.interceptor.chain$leave_all$fn__10647.invoke(chain.clj:268)
	at clojure.lang.AFn.applyToHelper(AFn.java:152)
	at clojure.lang.AFn.applyTo(AFn.java:144)
	at clojure.core$apply.invokeStatic(core.clj:665)
	at clojure.core$with_bindings_STAR_.invokeStatic(core.clj:1973)
	at clojure.core$with_bindings_STAR_.doInvoke(core.clj:1973)
	at clojure.lang.RestFn.invoke(RestFn.java:425)
	at io.pedestal.interceptor.chain$leave_all.invokeStatic(chain.clj:266)
	at io.pedestal.interceptor.chain$leave_all.invoke(chain.clj:260)
	at io.pedestal.interceptor.chain$execute.invokeStatic(chain.clj:379)
	at io.pedestal.interceptor.chain$execute.invoke(chain.clj:352)
	at io.pedestal.interceptor.chain$execute.invokeStatic(chain.clj:389)
	at io.pedestal.interceptor.chain$execute.invoke(chain.clj:352)
	at io.pedestal.http.impl.servlet_interceptor$interceptor_service_fn$fn__15774.invoke(servlet_interceptor.clj:351)
	at io.pedestal.http.servlet.FnServlet.service(servlet.clj:28)
	at org.eclipse.jetty.servlet.ServletHolder.handle(ServletHolder.java:873)
	at org.eclipse.jetty.servlet.ServletHandler.doHandle(ServletHandler.java:542)
	at org.eclipse.jetty.server.handler.ScopedHandler.nextHandle(ScopedHandler.java:255)
	at org.eclipse.jetty.server.handler.ContextHandler.doHandle(ContextHandler.java:1345)
	at org.eclipse.jetty.server.handler.ScopedHandler.nextScope(ScopedHandler.java:203)
	at org.eclipse.jetty.servlet.ServletHandler.doScope(ServletHandler.java:480)
	at org.eclipse.jetty.server.handler.ScopedHandler.nextScope(ScopedHandler.java:201)
	at org.eclipse.jetty.server.handler.ContextHandler.doScope(ContextHandler.java:1247)
	at org.eclipse.jetty.server.handler.ScopedHandler.handle(ScopedHandler.java:144)
	at org.eclipse.jetty.server.handler.HandlerWrapper.handle(HandlerWrapper.java:132)
	at org.eclipse.jetty.server.Server.handle(Server.java:505)
	at org.eclipse.jetty.server.HttpChannel.handle(HttpChannel.java:370)
	at org.eclipse.jetty.server.HttpConnection.onFillable(HttpConnection.java:267)
	at org.eclipse.jetty.io.AbstractConnection$ReadCallback.succeeded(AbstractConnection.java:305)
	at org.eclipse.jetty.io.FillInterest.fillable(FillInterest.java:103)
	at org.eclipse.jetty.io.ChannelEndPoint$2.run(ChannelEndPoint.java:117)
	at org.eclipse.jetty.util.thread.QueuedThreadPool.runJob(QueuedThreadPool.java:698)
	at org.eclipse.jetty.util.thread.QueuedThreadPool$Runner.run(QueuedThreadPool.java:804)
	at java.base/java.lang.Thread.run(Thread.java:834)
Caused by: java.lang.IllegalArgumentException: Key must be integer
	at clojure.lang.APersistentVector.assoc(APersistentVector.java:347)
	at clojure.lang.APersistentVector.assoc(APersistentVector.java:18)
	at clojure.lang.RT.assoc(RT.java:827)
	at clojure.core$assoc__5416.invokeStatic(core.clj:191)
	at clojure.core$assoc_in.invokeStatic(core.clj:6169)
	at clojure.core$assoc_in.invokeStatic(core.clj:6169)
	at clojure.core$assoc_in.invoke(core.clj:6161)
	at io.pedestal.http.secure_headers$secure_headers$fn__14113.invoke(secure_headers.clj:186)
	at io.pedestal.interceptor.chain$try_f.invokeStatic(chain.clj:54)
	... 37 common frames omitted
14:20:32.776 [qtp2049070779-20] INFO  i.p.http.impl.servlet-interceptor  - {:msg "sending error", :message "Internal server error: exception", :line 215}
14:22:27.207 [main] INFO  org.eclipse.jetty.util.log  - Logging initialized @6165ms to org.eclipse.jetty.util.log.Slf4jLog
14:22:27.321 [main] INFO  org.eclipse.jetty.server.Server  - jetty-9.4.18.v20190429; built: 2019-04-29T20:42:08.989Z; git: e1bc35120a6617ee3df052294e433f3a25ce7097; jvm 11.0.8+10
14:22:27.340 [main] INFO  o.e.j.server.handler.ContextHandler  - Started o.e.j.s.ServletContextHandler@78dbb023{/,null,AVAILABLE}
14:22:27.370 [main] INFO  o.e.jetty.server.AbstractConnector  - Started ServerConnector@10370297{HTTP/1.1,[http/1.1, h2c]}{localhost:8080}
14:22:27.370 [main] INFO  org.eclipse.jetty.server.Server  - Started @6331ms
14:22:33.072 [qtp2049070779-20] INFO  io.pedestal.http  - {:msg "POST /models", :line 80}
14:22:44.020 [qtp2049070779-15] INFO  io.pedestal.http  - {:msg "GET /models", :line 80}
14:23:01.048 [qtp2049070779-19] INFO  io.pedestal.http  - {:msg "POST /models", :line 80}
14:23:04.616 [qtp2049070779-21] INFO  io.pedestal.http  - {:msg "POST /invocations", :line 80}
14:23:09.445 [qtp2049070779-19] INFO  io.pedestal.http  - {:msg "GET /models", :line 80}
15:50:37.822 [main] INFO  org.eclipse.jetty.util.log  - Logging initialized @6400ms to org.eclipse.jetty.util.log.Slf4jLog
15:50:37.982 [main] INFO  org.eclipse.jetty.server.Server  - jetty-9.4.18.v20190429; built: 2019-04-29T20:42:08.989Z; git: e1bc35120a6617ee3df052294e433f3a25ce7097; jvm 11.0.8+10
15:50:38.007 [main] INFO  o.e.j.server.handler.ContextHandler  - Started o.e.j.s.ServletContextHandler@5281a933{/,null,AVAILABLE}
15:50:38.040 [main] INFO  o.e.jetty.server.AbstractConnector  - Started ServerConnector@16704703{HTTP/1.1,[http/1.1, h2c]}{localhost:8080}
15:50:38.041 [main] INFO  org.eclipse.jetty.server.Server  - Started @6620ms
15:50:58.101 [qtp493116338-20] INFO  io.pedestal.http  - {:msg "POST /models", :line 80}
15:51:03.673 [qtp493116338-15] INFO  io.pedestal.http  - {:msg "POST /models", :line 80}
15:51:07.607 [qtp493116338-19] INFO  io.pedestal.http  - {:msg "GET /models", :line 80}
15:51:15.664 [qtp493116338-21] INFO  io.pedestal.http  - {:msg "POST /models", :line 80}
15:51:18.589 [qtp493116338-19] INFO  io.pedestal.http  - {:msg "GET /models", :line 80}
15:58:06.463 [main] INFO  org.eclipse.jetty.util.log  - Logging initialized @6530ms to org.eclipse.jetty.util.log.Slf4jLog
15:58:06.604 [main] INFO  org.eclipse.jetty.server.Server  - jetty-9.4.18.v20190429; built: 2019-04-29T20:42:08.989Z; git: e1bc35120a6617ee3df052294e433f3a25ce7097; jvm 11.0.8+10
15:58:06.626 [main] INFO  o.e.j.server.handler.ContextHandler  - Started o.e.j.s.ServletContextHandler@4e68c590{/,null,AVAILABLE}
15:58:06.657 [main] INFO  o.e.jetty.server.AbstractConnector  - Started ServerConnector@26ec9c1b{HTTP/1.1,[http/1.1, h2c]}{localhost:8080}
15:58:06.657 [main] INFO  org.eclipse.jetty.server.Server  - Started @6726ms
15:59:42.149 [main] INFO  org.eclipse.jetty.util.log  - Logging initialized @6577ms to org.eclipse.jetty.util.log.Slf4jLog
15:59:42.293 [main] INFO  org.eclipse.jetty.server.Server  - jetty-9.4.18.v20190429; built: 2019-04-29T20:42:08.989Z; git: e1bc35120a6617ee3df052294e433f3a25ce7097; jvm 11.0.8+10
15:59:42.314 [main] INFO  o.e.j.server.handler.ContextHandler  - Started o.e.j.s.ServletContextHandler@2f1841c5{/,null,AVAILABLE}
15:59:42.344 [main] INFO  o.e.jetty.server.AbstractConnector  - Started ServerConnector@1d73c2fa{HTTP/1.1,[http/1.1, h2c]}{localhost:8080}
15:59:42.344 [main] INFO  org.eclipse.jetty.server.Server  - Started @6774ms
15:59:54.019 [qtp1962975494-20] INFO  io.pedestal.http  - {:msg "POST /models", :line 80}
16:00:20.601 [main] INFO  org.eclipse.jetty.util.log  - Logging initialized @6536ms to org.eclipse.jetty.util.log.Slf4jLog
16:00:20.730 [main] INFO  org.eclipse.jetty.server.Server  - jetty-9.4.18.v20190429; built: 2019-04-29T20:42:08.989Z; git: e1bc35120a6617ee3df052294e433f3a25ce7097; jvm 11.0.8+10
16:00:20.752 [main] INFO  o.e.j.server.handler.ContextHandler  - Started o.e.j.s.ServletContextHandler@b24fff1{/,null,AVAILABLE}
16:00:20.786 [main] INFO  o.e.jetty.server.AbstractConnector  - Started ServerConnector@43089e4{HTTP/1.1,[http/1.1, h2c]}{localhost:8080}
16:00:20.786 [main] INFO  org.eclipse.jetty.server.Server  - Started @6723ms
16:00:21.786 [qtp1473592740-20] INFO  io.pedestal.http  - {:msg "POST /models", :line 80}
16:00:23.016 [qtp1473592740-15] INFO  io.pedestal.http  - {:msg "POST /models", :line 80}
16:00:25.882 [qtp1473592740-19] INFO  io.pedestal.http  - {:msg "GET /models", :line 80}
16:00:44.562 [qtp1473592740-21] INFO  io.pedestal.http  - {:msg "DELETE /models/no_cyl", :line 80}
16:00:44.589 [qtp1473592740-21] ERROR i.p.http.impl.servlet-interceptor  - {:msg "error-ring-response triggered", :context {:response nil, :io.pedestal.interceptor.chain/stack (#Interceptor{:name :io.pedestal.http.impl.servlet-interceptor/stylobate} #Interceptor{:name :io.pedestal.http.impl.servlet-interceptor/terminator-injector}), :request {:protocol "HTTP/1.1", :async-supported? true, :remote-addr "127.0.0.1", :servlet-response #object[org.eclipse.jetty.server.Response 0x4fb61e7f "HTTP/1.1 200 \nDate: Sun, 09 Aug 2020 14:00:44 GMT\r\n\r\n"], :servlet #object[io.pedestal.http.servlet.FnServlet 0x578fe3c9 "io.pedestal.http.servlet.FnServlet@578fe3c9"], :headers {"accept" "*/*", "cache-control" "no-cache", "user-agent" "PostmanRuntime/7.26.2", "connection" "keep-alive", "postman-token" "48a060c4-452c-4664-8f6c-d4ab769e4153", "host" "localhost:8080", "accept-encoding" "gzip, deflate, br"}, :server-port 8080, :servlet-request #object[org.eclipse.jetty.server.Request 0x2c4a4ff4 "Request(DELETE //localhost:8080/models/no_cyl)@2c4a4ff4"], :path-info "/models/no_cyl", :url-for #object[clojure.lang.Delay 0x63c1066d {:status :pending, :val nil}], :uri "/models/no_cyl", :server-name "localhost", :query-string nil, :path-params {:model-name "no_cyl"}, :body #object[org.eclipse.jetty.server.HttpInputOverHTTP 0x1d8ad00e "HttpInputOverHTTP@1d8ad00e[c=0,q=0,[0]=null,s=STREAM]"], :scheme :http, :request-method :delete, :context-path ""}, :bindings {#'io.pedestal.http.route/*url-for* #object[clojure.lang.Delay 0x63c1066d {:status :pending, :val nil}]}, :enter-async [#object[io.pedestal.http.impl.servlet_interceptor$start_servlet_async 0x3deb1a56 "io.pedestal.http.impl.servlet_interceptor$start_servlet_async@3deb1a56"]], :io.pedestal.interceptor.chain/terminators (#object[io.pedestal.http.impl.servlet_interceptor$terminator_inject$fn__15749 0x37326b3e "io.pedestal.http.impl.servlet_interceptor$terminator_inject$fn__15749@37326b3e"]), :servlet-response #object[org.eclipse.jetty.server.Response 0x4fb61e7f "HTTP/1.1 200 \nDate: Sun, 09 Aug 2020 14:00:44 GMT\r\n\r\n"], :route {:path "/models/:model-name", :method :delete, :path-constraints {:model-name "([^/]+)"}, :io.pedestal.http.route.prefix-tree/satisfies-constraints? #object[io.pedestal.http.route.prefix_tree$add_satisfies_constraints_QMARK_$fn__11518 0x5cabf1db "io.pedestal.http.route.prefix_tree$add_satisfies_constraints_QMARK_$fn__11518@5cabf1db"], :path-re #"/\Qmodels\E/([^/]+)", :path-parts ["models" :model-name], :interceptors [#Interceptor{:name :io.pedestal.http.body-params/body-params} #Interceptor{:name :io.pedestal.http/html-body} #Interceptor{:name }], :route-name :jcpsantiago.sagemaker-multimodel-clj.handlers/unload-model!, :path-params {:model-name "no_cyl"}}, :servlet #object[io.pedestal.http.servlet.FnServlet 0x578fe3c9 "io.pedestal.http.servlet.FnServlet@578fe3c9"], :servlet-request #object[org.eclipse.jetty.server.Request 0x2c4a4ff4 "Request(DELETE //localhost:8080/models/no_cyl)@2c4a4ff4"], :url-for #object[clojure.lang.Delay 0x63c1066d {:status :pending, :val nil}], :io.pedestal.interceptor.chain/execution-id 4, :servlet-config #object[org.eclipse.jetty.servlet.ServletHolder$Config 0x17ea50e0 "org.eclipse.jetty.servlet.ServletHolder$Config@17ea50e0"], :async? #object[io.pedestal.http.impl.servlet_interceptor$servlet_async_QMARK_ 0x72b6c1e1 "io.pedestal.http.impl.servlet_interceptor$servlet_async_QMARK_@72b6c1e1"]}, :line 253}
clojure.lang.ExceptionInfo: java.lang.IllegalArgumentException in Interceptor  - Don't know how to create ISeq from: clojure.lang.Atom
	at io.pedestal.interceptor.chain$throwable__GT_ex_info.invokeStatic(chain.clj:35)
	at io.pedestal.interceptor.chain$throwable__GT_ex_info.invoke(chain.clj:32)
	at io.pedestal.interceptor.chain$try_f.invokeStatic(chain.clj:57)
	at io.pedestal.interceptor.chain$try_f.invoke(chain.clj:44)
	at io.pedestal.interceptor.chain$process_all_with_binding.invokeStatic(chain.clj:171)
	at io.pedestal.interceptor.chain$process_all_with_binding.invoke(chain.clj:146)
	at io.pedestal.interceptor.chain$process_all$fn__10620.invoke(chain.clj:188)
	at clojure.lang.AFn.applyToHelper(AFn.java:152)
	at clojure.lang.AFn.applyTo(AFn.java:144)
	at clojure.core$apply.invokeStatic(core.clj:665)
	at clojure.core$with_bindings_STAR_.invokeStatic(core.clj:1973)
	at clojure.core$with_bindings_STAR_.doInvoke(core.clj:1973)
	at clojure.lang.RestFn.invoke(RestFn.java:425)
	at io.pedestal.interceptor.chain$process_all.invokeStatic(chain.clj:186)
	at io.pedestal.interceptor.chain$process_all.invoke(chain.clj:182)
	at io.pedestal.interceptor.chain$enter_all.invokeStatic(chain.clj:235)
	at io.pedestal.interceptor.chain$enter_all.invoke(chain.clj:229)
	at io.pedestal.interceptor.chain$execute.invokeStatic(chain.clj:379)
	at io.pedestal.interceptor.chain$execute.invoke(chain.clj:352)
	at io.pedestal.interceptor.chain$execute.invokeStatic(chain.clj:389)
	at io.pedestal.interceptor.chain$execute.invoke(chain.clj:352)
	at io.pedestal.http.impl.servlet_interceptor$interceptor_service_fn$fn__15774.invoke(servlet_interceptor.clj:351)
	at io.pedestal.http.servlet.FnServlet.service(servlet.clj:28)
	at org.eclipse.jetty.servlet.ServletHolder.handle(ServletHolder.java:873)
	at org.eclipse.jetty.servlet.ServletHandler.doHandle(ServletHandler.java:542)
	at org.eclipse.jetty.server.handler.ScopedHandler.nextHandle(ScopedHandler.java:255)
	at org.eclipse.jetty.server.handler.ContextHandler.doHandle(ContextHandler.java:1345)
	at org.eclipse.jetty.server.handler.ScopedHandler.nextScope(ScopedHandler.java:203)
	at org.eclipse.jetty.servlet.ServletHandler.doScope(ServletHandler.java:480)
	at org.eclipse.jetty.server.handler.ScopedHandler.nextScope(ScopedHandler.java:201)
	at org.eclipse.jetty.server.handler.ContextHandler.doScope(ContextHandler.java:1247)
	at org.eclipse.jetty.server.handler.ScopedHandler.handle(ScopedHandler.java:144)
	at org.eclipse.jetty.server.handler.HandlerWrapper.handle(HandlerWrapper.java:132)
	at org.eclipse.jetty.server.Server.handle(Server.java:505)
	at org.eclipse.jetty.server.HttpChannel.handle(HttpChannel.java:370)
	at org.eclipse.jetty.server.HttpConnection.onFillable(HttpConnection.java:267)
	at org.eclipse.jetty.io.AbstractConnection$ReadCallback.succeeded(AbstractConnection.java:305)
	at org.eclipse.jetty.io.FillInterest.fillable(FillInterest.java:103)
	at org.eclipse.jetty.io.ChannelEndPoint$2.run(ChannelEndPoint.java:117)
	at org.eclipse.jetty.util.thread.strategy.EatWhatYouKill.runTask(EatWhatYouKill.java:333)
	at org.eclipse.jetty.util.thread.strategy.EatWhatYouKill.doProduce(EatWhatYouKill.java:310)
	at org.eclipse.jetty.util.thread.strategy.EatWhatYouKill.tryProduce(EatWhatYouKill.java:168)
	at org.eclipse.jetty.util.thread.strategy.EatWhatYouKill.run(EatWhatYouKill.java:126)
	at org.eclipse.jetty.util.thread.ReservedThreadExecutor$ReservedThread.run(ReservedThreadExecutor.java:366)
	at org.eclipse.jetty.util.thread.QueuedThreadPool.runJob(QueuedThreadPool.java:698)
	at org.eclipse.jetty.util.thread.QueuedThreadPool$Runner.run(QueuedThreadPool.java:804)
	at java.base/java.lang.Thread.run(Thread.java:834)
Caused by: java.lang.IllegalArgumentException: Don't know how to create ISeq from: clojure.lang.Atom
	at clojure.lang.RT.seqFrom(RT.java:557)
	at clojure.lang.RT.seq(RT.java:537)
	at clojure.core$seq__5402.invokeStatic(core.clj:137)
	at clojure.core$filter$fn__5893.invoke(core.clj:2809)
	at clojure.lang.LazySeq.sval(LazySeq.java:42)
	at clojure.lang.LazySeq.seq(LazySeq.java:51)
	at clojure.lang.RT.seq(RT.java:535)
	at clojure.core$seq__5402.invokeStatic(core.clj:137)
	at clojure.core$seq__5402.invoke(core.clj:137)
	at jcpsantiago.sagemaker_multimodel_clj.db$loaded_QMARK_.invokeStatic(db.clj:10)
	at jcpsantiago.sagemaker_multimodel_clj.db$loaded_QMARK_.invoke(db.clj:8)
	at jcpsantiago.sagemaker_multimodel_clj.handlers$unload_model_BANG_.invokeStatic(handlers.clj:79)
	at jcpsantiago.sagemaker_multimodel_clj.handlers$unload_model_BANG_.invoke(handlers.clj:76)
	at io.pedestal.interceptor$eval306$fn__307$fn__308.invoke(interceptor.clj:41)
	at io.pedestal.interceptor.chain$try_f.invokeStatic(chain.clj:54)
	... 44 common frames omitted
16:00:44.590 [qtp1473592740-21] INFO  i.p.http.impl.servlet-interceptor  - {:msg "sending error", :message "Internal server error: exception", :line 215}
16:02:02.094 [main] INFO  org.eclipse.jetty.util.log  - Logging initialized @6393ms to org.eclipse.jetty.util.log.Slf4jLog
16:02:02.202 [main] INFO  org.eclipse.jetty.server.Server  - jetty-9.4.18.v20190429; built: 2019-04-29T20:42:08.989Z; git: e1bc35120a6617ee3df052294e433f3a25ce7097; jvm 11.0.8+10
16:02:02.222 [main] INFO  o.e.j.server.handler.ContextHandler  - Started o.e.j.s.ServletContextHandler@b24fff1{/,null,AVAILABLE}
16:02:02.252 [main] INFO  o.e.jetty.server.AbstractConnector  - Started ServerConnector@43089e4{HTTP/1.1,[http/1.1, h2c]}{localhost:8080}
16:02:02.252 [main] INFO  org.eclipse.jetty.server.Server  - Started @6553ms
16:02:07.886 [qtp1473592740-20] INFO  io.pedestal.http  - {:msg "POST /models", :line 80}
16:02:12.490 [qtp1473592740-15] INFO  io.pedestal.http  - {:msg "GET /models", :line 80}
16:02:14.638 [qtp1473592740-19] INFO  io.pedestal.http  - {:msg "DELETE /models/no_cyl", :line 80}
16:02:14.665 [qtp1473592740-19] ERROR i.p.http.impl.servlet-interceptor  - {:msg "error-ring-response triggered", :context {:response nil, :io.pedestal.interceptor.chain/stack (#Interceptor{:name :io.pedestal.http.impl.servlet-interceptor/stylobate} #Interceptor{:name :io.pedestal.http.impl.servlet-interceptor/terminator-injector}), :request {:protocol "HTTP/1.1", :async-supported? true, :remote-addr "127.0.0.1", :servlet-response #object[org.eclipse.jetty.server.Response 0x1731afe2 "HTTP/1.1 200 \nDate: Sun, 09 Aug 2020 14:02:14 GMT\r\n\r\n"], :servlet #object[io.pedestal.http.servlet.FnServlet 0x3fd78d2d "io.pedestal.http.servlet.FnServlet@3fd78d2d"], :headers {"accept" "*/*", "cache-control" "no-cache", "user-agent" "PostmanRuntime/7.26.2", "connection" "keep-alive", "postman-token" "0f8522cb-96bf-4d30-8032-6f803f5ea852", "host" "localhost:8080", "accept-encoding" "gzip, deflate, br"}, :server-port 8080, :servlet-request #object[org.eclipse.jetty.server.Request 0x631f68c5 "Request(DELETE //localhost:8080/models/no_cyl)@631f68c5"], :path-info "/models/no_cyl", :url-for #object[clojure.lang.Delay 0x10c20dd5 {:status :pending, :val nil}], :uri "/models/no_cyl", :server-name "localhost", :query-string nil, :path-params {:model-name "no_cyl"}, :body #object[org.eclipse.jetty.server.HttpInputOverHTTP 0x8031648 "HttpInputOverHTTP@8031648[c=0,q=0,[0]=null,s=STREAM]"], :scheme :http, :request-method :delete, :context-path ""}, :bindings {#'io.pedestal.http.route/*url-for* #object[clojure.lang.Delay 0x10c20dd5 {:status :pending, :val nil}]}, :enter-async [#object[io.pedestal.http.impl.servlet_interceptor$start_servlet_async 0x5c5cf8b6 "io.pedestal.http.impl.servlet_interceptor$start_servlet_async@5c5cf8b6"]], :io.pedestal.interceptor.chain/terminators (#object[io.pedestal.http.impl.servlet_interceptor$terminator_inject$fn__15749 0x3569fb8b "io.pedestal.http.impl.servlet_interceptor$terminator_inject$fn__15749@3569fb8b"]), :servlet-response #object[org.eclipse.jetty.server.Response 0x1731afe2 "HTTP/1.1 200 \nDate: Sun, 09 Aug 2020 14:02:14 GMT\r\n\r\n"], :route {:path "/models/:model-name", :method :delete, :path-constraints {:model-name "([^/]+)"}, :io.pedestal.http.route.prefix-tree/satisfies-constraints? #object[io.pedestal.http.route.prefix_tree$add_satisfies_constraints_QMARK_$fn__11518 0x35c5f456 "io.pedestal.http.route.prefix_tree$add_satisfies_constraints_QMARK_$fn__11518@35c5f456"], :path-re #"/\Qmodels\E/([^/]+)", :path-parts ["models" :model-name], :interceptors [#Interceptor{:name :io.pedestal.http.body-params/body-params} #Interceptor{:name :io.pedestal.http/html-body} #Interceptor{:name }], :route-name :jcpsantiago.sagemaker-multimodel-clj.handlers/unload-model!, :path-params {:model-name "no_cyl"}}, :servlet #object[io.pedestal.http.servlet.FnServlet 0x3fd78d2d "io.pedestal.http.servlet.FnServlet@3fd78d2d"], :servlet-request #object[org.eclipse.jetty.server.Request 0x631f68c5 "Request(DELETE //localhost:8080/models/no_cyl)@631f68c5"], :url-for #object[clojure.lang.Delay 0x10c20dd5 {:status :pending, :val nil}], :io.pedestal.interceptor.chain/execution-id 3, :servlet-config #object[org.eclipse.jetty.servlet.ServletHolder$Config 0x25e415f0 "org.eclipse.jetty.servlet.ServletHolder$Config@25e415f0"], :async? #object[io.pedestal.http.impl.servlet_interceptor$servlet_async_QMARK_ 0x1e46d0b2 "io.pedestal.http.impl.servlet_interceptor$servlet_async_QMARK_@1e46d0b2"]}, :line 253}
clojure.lang.ExceptionInfo: java.lang.IllegalArgumentException in Interceptor  - Don't know how to create ISeq from: clojure.lang.Atom
	at io.pedestal.interceptor.chain$throwable__GT_ex_info.invokeStatic(chain.clj:35)
	at io.pedestal.interceptor.chain$throwable__GT_ex_info.invoke(chain.clj:32)
	at io.pedestal.interceptor.chain$try_f.invokeStatic(chain.clj:57)
	at io.pedestal.interceptor.chain$try_f.invoke(chain.clj:44)
	at io.pedestal.interceptor.chain$process_all_with_binding.invokeStatic(chain.clj:171)
	at io.pedestal.interceptor.chain$process_all_with_binding.invoke(chain.clj:146)
	at io.pedestal.interceptor.chain$process_all$fn__10620.invoke(chain.clj:188)
	at clojure.lang.AFn.applyToHelper(AFn.java:152)
	at clojure.lang.AFn.applyTo(AFn.java:144)
	at clojure.core$apply.invokeStatic(core.clj:665)
	at clojure.core$with_bindings_STAR_.invokeStatic(core.clj:1973)
	at clojure.core$with_bindings_STAR_.doInvoke(core.clj:1973)
	at clojure.lang.RestFn.invoke(RestFn.java:425)
	at io.pedestal.interceptor.chain$process_all.invokeStatic(chain.clj:186)
	at io.pedestal.interceptor.chain$process_all.invoke(chain.clj:182)
	at io.pedestal.interceptor.chain$enter_all.invokeStatic(chain.clj:235)
	at io.pedestal.interceptor.chain$enter_all.invoke(chain.clj:229)
	at io.pedestal.interceptor.chain$execute.invokeStatic(chain.clj:379)
	at io.pedestal.interceptor.chain$execute.invoke(chain.clj:352)
	at io.pedestal.interceptor.chain$execute.invokeStatic(chain.clj:389)
	at io.pedestal.interceptor.chain$execute.invoke(chain.clj:352)
	at io.pedestal.http.impl.servlet_interceptor$interceptor_service_fn$fn__15774.invoke(servlet_interceptor.clj:351)
	at io.pedestal.http.servlet.FnServlet.service(servlet.clj:28)
	at org.eclipse.jetty.servlet.ServletHolder.handle(ServletHolder.java:873)
	at org.eclipse.jetty.servlet.ServletHandler.doHandle(ServletHandler.java:542)
	at org.eclipse.jetty.server.handler.ScopedHandler.nextHandle(ScopedHandler.java:255)
	at org.eclipse.jetty.server.handler.ContextHandler.doHandle(ContextHandler.java:1345)
	at org.eclipse.jetty.server.handler.ScopedHandler.nextScope(ScopedHandler.java:203)
	at org.eclipse.jetty.servlet.ServletHandler.doScope(ServletHandler.java:480)
	at org.eclipse.jetty.server.handler.ScopedHandler.nextScope(ScopedHandler.java:201)
	at org.eclipse.jetty.server.handler.ContextHandler.doScope(ContextHandler.java:1247)
	at org.eclipse.jetty.server.handler.ScopedHandler.handle(ScopedHandler.java:144)
	at org.eclipse.jetty.server.handler.HandlerWrapper.handle(HandlerWrapper.java:132)
	at org.eclipse.jetty.server.Server.handle(Server.java:505)
	at org.eclipse.jetty.server.HttpChannel.handle(HttpChannel.java:370)
	at org.eclipse.jetty.server.HttpConnection.onFillable(HttpConnection.java:267)
	at org.eclipse.jetty.io.AbstractConnection$ReadCallback.succeeded(AbstractConnection.java:305)
	at org.eclipse.jetty.io.FillInterest.fillable(FillInterest.java:103)
	at org.eclipse.jetty.io.ChannelEndPoint$2.run(ChannelEndPoint.java:117)
	at org.eclipse.jetty.util.thread.strategy.EatWhatYouKill.runTask(EatWhatYouKill.java:333)
	at org.eclipse.jetty.util.thread.strategy.EatWhatYouKill.doProduce(EatWhatYouKill.java:310)
	at org.eclipse.jetty.util.thread.strategy.EatWhatYouKill.tryProduce(EatWhatYouKill.java:168)
	at org.eclipse.jetty.util.thread.strategy.EatWhatYouKill.run(EatWhatYouKill.java:126)
	at org.eclipse.jetty.util.thread.ReservedThreadExecutor$ReservedThread.run(ReservedThreadExecutor.java:366)
	at org.eclipse.jetty.util.thread.QueuedThreadPool.runJob(QueuedThreadPool.java:698)
	at org.eclipse.jetty.util.thread.QueuedThreadPool$Runner.run(QueuedThreadPool.java:804)
	at java.base/java.lang.Thread.run(Thread.java:834)
Caused by: java.lang.IllegalArgumentException: Don't know how to create ISeq from: clojure.lang.Atom
	at clojure.lang.RT.seqFrom(RT.java:557)
	at clojure.lang.RT.seq(RT.java:537)
	at clojure.core$seq__5402.invokeStatic(core.clj:137)
	at clojure.core$filter$fn__5893.invoke(core.clj:2809)
	at clojure.lang.LazySeq.sval(LazySeq.java:42)
	at clojure.lang.LazySeq.seq(LazySeq.java:51)
	at clojure.lang.RT.seq(RT.java:535)
	at clojure.core$seq__5402.invokeStatic(core.clj:137)
	at clojure.core$seq__5402.invoke(core.clj:137)
	at jcpsantiago.sagemaker_multimodel_clj.db$loaded_QMARK_.invokeStatic(db.clj:10)
	at jcpsantiago.sagemaker_multimodel_clj.db$loaded_QMARK_.invoke(db.clj:8)
	at jcpsantiago.sagemaker_multimodel_clj.handlers$unload_model_BANG_.invokeStatic(handlers.clj:79)
	at jcpsantiago.sagemaker_multimodel_clj.handlers$unload_model_BANG_.invoke(handlers.clj:76)
	at io.pedestal.interceptor$eval306$fn__307$fn__308.invoke(interceptor.clj:41)
	at io.pedestal.interceptor.chain$try_f.invokeStatic(chain.clj:54)
	... 44 common frames omitted
16:02:14.666 [qtp1473592740-19] INFO  i.p.http.impl.servlet-interceptor  - {:msg "sending error", :message "Internal server error: exception", :line 215}
16:03:08.383 [main] INFO  org.eclipse.jetty.util.log  - Logging initialized @6401ms to org.eclipse.jetty.util.log.Slf4jLog
16:03:08.501 [main] INFO  org.eclipse.jetty.server.Server  - jetty-9.4.18.v20190429; built: 2019-04-29T20:42:08.989Z; git: e1bc35120a6617ee3df052294e433f3a25ce7097; jvm 11.0.8+10
16:03:08.522 [main] INFO  o.e.j.server.handler.ContextHandler  - Started o.e.j.s.ServletContextHandler@b24fff1{/,null,AVAILABLE}
16:03:08.552 [main] INFO  o.e.jetty.server.AbstractConnector  - Started ServerConnector@43089e4{HTTP/1.1,[http/1.1, h2c]}{localhost:8080}
16:03:08.553 [main] INFO  org.eclipse.jetty.server.Server  - Started @6573ms
16:03:48.440 [qtp1473592740-20] INFO  io.pedestal.http  - {:msg "POST /models", :line 80}
16:03:51.447 [qtp1473592740-15] INFO  io.pedestal.http  - {:msg "GET /models", :line 80}
16:03:53.578 [qtp1473592740-19] INFO  io.pedestal.http  - {:msg "DELETE /models/no_cyl", :line 80}
16:03:57.163 [qtp1473592740-21] INFO  io.pedestal.http  - {:msg "DELETE /models/no_cyl", :line 80}
16:04:00.603 [qtp1473592740-19] INFO  io.pedestal.http  - {:msg "GET /models", :line 80}
16:04:04.443 [qtp1473592740-21] INFO  io.pedestal.http  - {:msg "POST /models", :line 80}
16:04:07.843 [qtp1473592740-19] INFO  io.pedestal.http  - {:msg "POST /models", :line 80}
16:04:10.362 [qtp1473592740-21] INFO  io.pedestal.http  - {:msg "GET /models", :line 80}
16:04:40.467 [qtp1473592740-16] INFO  io.pedestal.http  - {:msg "DELETE /models/no_cyl", :line 80}
16:04:44.135 [qtp1473592740-19] INFO  io.pedestal.http  - {:msg "GET /models", :line 80}
16:06:10.481 [qtp1473592740-14] INFO  io.pedestal.http  - {:msg "POST /models", :line 80}
16:06:12.131 [qtp1473592740-20] INFO  io.pedestal.http  - {:msg "POST /models", :line 80}
16:14:47.469 [main] INFO  org.eclipse.jetty.util.log  - Logging initialized @6322ms to org.eclipse.jetty.util.log.Slf4jLog
16:14:47.582 [main] INFO  org.eclipse.jetty.server.Server  - jetty-9.4.18.v20190429; built: 2019-04-29T20:42:08.989Z; git: e1bc35120a6617ee3df052294e433f3a25ce7097; jvm 11.0.8+10
16:14:47.605 [main] INFO  o.e.j.server.handler.ContextHandler  - Started o.e.j.s.ServletContextHandler@272b4798{/,null,AVAILABLE}
16:14:47.635 [main] INFO  o.e.jetty.server.AbstractConnector  - Started ServerConnector@79a3499{HTTP/1.1,[http/1.1, h2c]}{localhost:8080}
16:14:47.635 [main] INFO  org.eclipse.jetty.server.Server  - Started @6489ms
16:14:52.749 [qtp1164637091-20] INFO  io.pedestal.http  - {:msg "POST /models", :line 80}
16:14:55.222 [qtp1164637091-15] INFO  io.pedestal.http  - {:msg "GET /models", :line 80}
16:15:48.485 [qtp1164637091-16] INFO  io.pedestal.http  - {:msg "POST /models/no_cyl/invoke", :line 80}
16:15:55.222 [qtp1164637091-19] INFO  io.pedestal.http  - {:msg "GET /models", :line 80}
16:16:03.779 [qtp1164637091-18] INFO  io.pedestal.http  - {:msg "POST /models", :line 80}
16:16:06.832 [qtp1164637091-19] INFO  io.pedestal.http  - {:msg "POST /models/no_cyl/invoke", :line 80}
16:16:06.877 [qtp1164637091-19] ERROR i.p.http.impl.servlet-interceptor  - {:msg "error-stylobate triggered", :context {:response {:status 200, :body 0.56819147, :headers {"Strict-Transport-Security" "max-age=31536000; includeSubdomains", "X-Frame-Options" "DENY", "X-Content-Type-Options" "nosniff", "X-XSS-Protection" "1; mode=block", "X-Download-Options" "noopen", "X-Permitted-Cross-Domain-Policies" "none", "Content-Security-Policy" "object-src 'none'; script-src 'unsafe-inline' 'unsafe-eval' 'strict-dynamic' https: http:;"}}, :io.pedestal.interceptor.chain/stack (#Interceptor{:name :io.pedestal.http.impl.servlet-interceptor/terminator-injector}), :request {:json-params {:data_for_inference {:qsec 16.46, :gear 4, :disp 160, :wt 2.62, :drat 3.9, :hp 110, :mpg 21, :vs 0, :carb 4}}, :protocol "HTTP/1.1", :async-supported? true, :remote-addr "127.0.0.1", :servlet-response #object[org.eclipse.jetty.server.Response 0x45ce562f "HTTP/1.1 200 \nDate: Sun, 09 Aug 2020 14:16:06 GMT\r\n\r\n"], :servlet #object[io.pedestal.http.servlet.FnServlet 0x702e5846 "io.pedestal.http.servlet.FnServlet@702e5846"], :headers {"host" "localhost:8080", "user-agent" "PostmanRuntime/7.26.2", "content-type" "application/json", "content-length" "256", "connection" "keep-alive", "accept" "*/*", "accept-encoding" "gzip, deflate, br", "postman-token" "ccfe84d1-9783-4548-b522-40cb282357c2", "cache-control" "no-cache"}, :server-port 8080, :servlet-request #object[org.eclipse.jetty.server.Request 0x7975f3c "Request(POST //localhost:8080/models/no_cyl/invoke)@7975f3c"], :content-length 256, :content-type "application/json", :path-info "/models/no_cyl/invoke", :character-encoding "UTF-8", :url-for #object[clojure.lang.Delay 0x3b81c90d {:status :pending, :val nil}], :uri "/models/no_cyl/invoke", :server-name "localhost", :query-string nil, :path-params {:model-name "no_cyl"}, :body #object[org.eclipse.jetty.server.HttpInputOverHTTP 0x6d21ffe "HttpInputOverHTTP@6d21ffe[c=256,q=0,[0]=null,s=STREAM]"], :scheme :http, :request-method :post, :context-path ""}, :bindings {#'io.pedestal.http.route/*url-for* #object[clojure.lang.Delay 0x3b81c90d {:status :pending, :val nil}]}, :enter-async [#object[io.pedestal.http.impl.servlet_interceptor$start_servlet_async 0x30152cad "io.pedestal.http.impl.servlet_interceptor$start_servlet_async@30152cad"]], :io.pedestal.interceptor.chain/terminators (#object[io.pedestal.http.impl.servlet_interceptor$terminator_inject$fn__15749 0x73e9af1b "io.pedestal.http.impl.servlet_interceptor$terminator_inject$fn__15749@73e9af1b"]), :servlet-response #object[org.eclipse.jetty.server.Response 0x45ce562f "HTTP/1.1 200 \nDate: Sun, 09 Aug 2020 14:16:06 GMT\r\n\r\n"], :route {:path "/models/:model-name/invoke", :method :post, :path-constraints {:model-name "([^/]+)"}, :io.pedestal.http.route.prefix-tree/satisfies-constraints? #object[io.pedestal.http.route.prefix_tree$add_satisfies_constraints_QMARK_$fn__11518 0x4615c9ca "io.pedestal.http.route.prefix_tree$add_satisfies_constraints_QMARK_$fn__11518@4615c9ca"], :path-re #"/\Qmodels\E/([^/]+)/\Qinvoke\E", :path-parts ["models" :model-name "invoke"], :interceptors [#Interceptor{:name :io.pedestal.http.body-params/body-params} #Interceptor{:name :io.pedestal.http/html-body} #Interceptor{:name }], :route-name :jcpsantiago.sagemaker-multimodel-clj.handlers/invoke-model, :path-params {:model-name "no_cyl"}}, :servlet #object[io.pedestal.http.servlet.FnServlet 0x702e5846 "io.pedestal.http.servlet.FnServlet@702e5846"], :servlet-request #object[org.eclipse.jetty.server.Request 0x7975f3c "Request(POST //localhost:8080/models/no_cyl/invoke)@7975f3c"], :url-for #object[clojure.lang.Delay 0x3b81c90d {:status :pending, :val nil}], :io.pedestal.interceptor.chain/execution-id 6, :servlet-config #object[org.eclipse.jetty.servlet.ServletHolder$Config 0x50ae0319 "org.eclipse.jetty.servlet.ServletHolder$Config@50ae0319"], :async? #object[io.pedestal.http.impl.servlet_interceptor$servlet_async_QMARK_ 0x49c72de5 "io.pedestal.http.impl.servlet_interceptor$servlet_async_QMARK_@49c72de5"]}, :line 242}
clojure.lang.ExceptionInfo: java.lang.IllegalArgumentException in Interceptor :io.pedestal.http.impl.servlet-interceptor/ring-response - No implementation of method: :default-content-type of protocol: #'io.pedestal.http.impl.servlet-interceptor/WriteableBody found for class: java.lang.Float
	at io.pedestal.interceptor.chain$throwable__GT_ex_info.invokeStatic(chain.clj:35)
	at io.pedestal.interceptor.chain$throwable__GT_ex_info.invoke(chain.clj:32)
	at io.pedestal.interceptor.chain$try_f.invokeStatic(chain.clj:57)
	at io.pedestal.interceptor.chain$try_f.invoke(chain.clj:44)
	at io.pedestal.interceptor.chain$leave_all_with_binding.invokeStatic(chain.clj:254)
	at io.pedestal.interceptor.chain$leave_all_with_binding.invoke(chain.clj:237)
	at io.pedestal.interceptor.chain$leave_all$fn__10647.invoke(chain.clj:268)
	at clojure.lang.AFn.applyToHelper(AFn.java:152)
	at clojure.lang.AFn.applyTo(AFn.java:144)
	at clojure.core$apply.invokeStatic(core.clj:665)
	at clojure.core$with_bindings_STAR_.invokeStatic(core.clj:1973)
	at clojure.core$with_bindings_STAR_.doInvoke(core.clj:1973)
	at clojure.lang.RestFn.invoke(RestFn.java:425)
	at io.pedestal.interceptor.chain$leave_all.invokeStatic(chain.clj:266)
	at io.pedestal.interceptor.chain$leave_all.invoke(chain.clj:260)
	at io.pedestal.interceptor.chain$execute.invokeStatic(chain.clj:379)
	at io.pedestal.interceptor.chain$execute.invoke(chain.clj:352)
	at io.pedestal.interceptor.chain$execute.invokeStatic(chain.clj:389)
	at io.pedestal.interceptor.chain$execute.invoke(chain.clj:352)
	at io.pedestal.http.impl.servlet_interceptor$interceptor_service_fn$fn__15774.invoke(servlet_interceptor.clj:351)
	at io.pedestal.http.servlet.FnServlet.service(servlet.clj:28)
	at org.eclipse.jetty.servlet.ServletHolder.handle(ServletHolder.java:873)
	at org.eclipse.jetty.servlet.ServletHandler.doHandle(ServletHandler.java:542)
	at org.eclipse.jetty.server.handler.ScopedHandler.nextHandle(ScopedHandler.java:255)
	at org.eclipse.jetty.server.handler.ContextHandler.doHandle(ContextHandler.java:1345)
	at org.eclipse.jetty.server.handler.ScopedHandler.nextScope(ScopedHandler.java:203)
	at org.eclipse.jetty.servlet.ServletHandler.doScope(ServletHandler.java:480)
	at org.eclipse.jetty.server.handler.ScopedHandler.nextScope(ScopedHandler.java:201)
	at org.eclipse.jetty.server.handler.ContextHandler.doScope(ContextHandler.java:1247)
	at org.eclipse.jetty.server.handler.ScopedHandler.handle(ScopedHandler.java:144)
	at org.eclipse.jetty.server.handler.HandlerWrapper.handle(HandlerWrapper.java:132)
	at org.eclipse.jetty.server.Server.handle(Server.java:505)
	at org.eclipse.jetty.server.HttpChannel.handle(HttpChannel.java:370)
	at org.eclipse.jetty.server.HttpConnection.onFillable(HttpConnection.java:267)
	at org.eclipse.jetty.io.AbstractConnection$ReadCallback.succeeded(AbstractConnection.java:305)
	at org.eclipse.jetty.io.FillInterest.fillable(FillInterest.java:103)
	at org.eclipse.jetty.io.ChannelEndPoint$2.run(ChannelEndPoint.java:117)
	at org.eclipse.jetty.util.thread.strategy.EatWhatYouKill.runTask(EatWhatYouKill.java:333)
	at org.eclipse.jetty.util.thread.strategy.EatWhatYouKill.doProduce(EatWhatYouKill.java:310)
	at org.eclipse.jetty.util.thread.strategy.EatWhatYouKill.tryProduce(EatWhatYouKill.java:168)
	at org.eclipse.jetty.util.thread.strategy.EatWhatYouKill.run(EatWhatYouKill.java:126)
	at org.eclipse.jetty.util.thread.ReservedThreadExecutor$ReservedThread.run(ReservedThreadExecutor.java:366)
	at org.eclipse.jetty.util.thread.QueuedThreadPool.runJob(QueuedThreadPool.java:698)
	at org.eclipse.jetty.util.thread.QueuedThreadPool$Runner.run(QueuedThreadPool.java:804)
	at java.base/java.lang.Thread.run(Thread.java:834)
Caused by: java.lang.IllegalArgumentException: No implementation of method: :default-content-type of protocol: #'io.pedestal.http.impl.servlet-interceptor/WriteableBody found for class: java.lang.Float
	at clojure.core$_cache_protocol_fn.invokeStatic(core_deftype.clj:583)
	at clojure.core$_cache_protocol_fn.invoke(core_deftype.clj:575)
	at io.pedestal.http.impl.servlet_interceptor$eval15371$fn__15385$G__15360__15390.invoke(servlet_interceptor.clj:38)
	at io.pedestal.http.impl.servlet_interceptor$set_default_content_type.invokeStatic(servlet_interceptor.clj:153)
	at io.pedestal.http.impl.servlet_interceptor$set_default_content_type.invoke(servlet_interceptor.clj:149)
	at io.pedestal.http.impl.servlet_interceptor$set_response.invokeStatic(servlet_interceptor.clj:157)
	at io.pedestal.http.impl.servlet_interceptor$set_response.invoke(servlet_interceptor.clj:155)
	at io.pedestal.http.impl.servlet_interceptor$send_response.invokeStatic(servlet_interceptor.clj:165)
	at io.pedestal.http.impl.servlet_interceptor$send_response.invoke(servlet_interceptor.clj:162)
	at io.pedestal.http.impl.servlet_interceptor$leave_ring_response.invokeStatic(servlet_interceptor.clj:229)
	at io.pedestal.http.impl.servlet_interceptor$leave_ring_response.invoke(servlet_interceptor.clj:218)
	at io.pedestal.interceptor.chain$try_f.invokeStatic(chain.clj:54)
	... 42 common frames omitted
16:17:36.837 [qtp1164637091-14] INFO  io.pedestal.http  - {:msg "POST /models/no_cyl/invoke", :line 80}
16:17:36.840 [qtp1164637091-14] ERROR i.p.http.impl.servlet-interceptor  - {:msg "error-stylobate triggered", :context {:response {:status 200, :body 0.010799177, :headers {"Strict-Transport-Security" "max-age=31536000; includeSubdomains", "X-Frame-Options" "DENY", "X-Content-Type-Options" "nosniff", "X-XSS-Protection" "1; mode=block", "X-Download-Options" "noopen", "X-Permitted-Cross-Domain-Policies" "none", "Content-Security-Policy" "object-src 'none'; script-src 'unsafe-inline' 'unsafe-eval' 'strict-dynamic' https: http:;"}}, :io.pedestal.interceptor.chain/stack (#Interceptor{:name :io.pedestal.http.impl.servlet-interceptor/terminator-injector}), :request {:json-params {:input {:qsec 16.46, :gear 4, :disp 160, :wt 2.62, :drat 3.9, :hp 110, :mpg 21, :vs 0, :carb 4}}, :protocol "HTTP/1.1", :async-supported? true, :remote-addr "127.0.0.1", :servlet-response #object[org.eclipse.jetty.server.Response 0x59879612 "HTTP/1.1 200 \nDate: Sun, 09 Aug 2020 14:17:36 GMT\r\n\r\n"], :servlet #object[io.pedestal.http.servlet.FnServlet 0x702e5846 "io.pedestal.http.servlet.FnServlet@702e5846"], :headers {"host" "localhost:8080", "user-agent" "PostmanRuntime/7.26.2", "content-type" "application/json", "content-length" "243", "connection" "keep-alive", "accept" "*/*", "accept-encoding" "gzip, deflate, br", "postman-token" "15c59f68-1433-4ccf-a5a8-729dd095ccb1", "cache-control" "no-cache"}, :server-port 8080, :servlet-request #object[org.eclipse.jetty.server.Request 0x75ac3f79 "Request(POST //localhost:8080/models/no_cyl/invoke)@75ac3f79"], :content-length 243, :content-type "application/json", :path-info "/models/no_cyl/invoke", :character-encoding "UTF-8", :url-for #object[clojure.lang.Delay 0x4bd010b6 {:status :pending, :val nil}], :uri "/models/no_cyl/invoke", :server-name "localhost", :query-string nil, :path-params {:model-name "no_cyl"}, :body #object[org.eclipse.jetty.server.HttpInputOverHTTP 0x298d8a "HttpInputOverHTTP@298d8a[c=243,q=0,[0]=null,s=STREAM]"], :scheme :http, :request-method :post, :context-path ""}, :bindings {#'io.pedestal.http.route/*url-for* #object[clojure.lang.Delay 0x4bd010b6 {:status :pending, :val nil}]}, :enter-async [#object[io.pedestal.http.impl.servlet_interceptor$start_servlet_async 0x30152cad "io.pedestal.http.impl.servlet_interceptor$start_servlet_async@30152cad"]], :io.pedestal.interceptor.chain/terminators (#object[io.pedestal.http.impl.servlet_interceptor$terminator_inject$fn__15749 0x657bbc9b "io.pedestal.http.impl.servlet_interceptor$terminator_inject$fn__15749@657bbc9b"]), :servlet-response #object[org.eclipse.jetty.server.Response 0x59879612 "HTTP/1.1 200 \nDate: Sun, 09 Aug 2020 14:17:36 GMT\r\n\r\n"], :route {:path "/models/:model-name/invoke", :method :post, :path-constraints {:model-name "([^/]+)"}, :io.pedestal.http.route.prefix-tree/satisfies-constraints? #object[io.pedestal.http.route.prefix_tree$add_satisfies_constraints_QMARK_$fn__11518 0x4615c9ca "io.pedestal.http.route.prefix_tree$add_satisfies_constraints_QMARK_$fn__11518@4615c9ca"], :path-re #"/\Qmodels\E/([^/]+)/\Qinvoke\E", :path-parts ["models" :model-name "invoke"], :interceptors [#Interceptor{:name :io.pedestal.http.body-params/body-params} #Interceptor{:name :io.pedestal.http/html-body} #Interceptor{:name }], :route-name :jcpsantiago.sagemaker-multimodel-clj.handlers/invoke-model, :path-params {:model-name "no_cyl"}}, :servlet #object[io.pedestal.http.servlet.FnServlet 0x702e5846 "io.pedestal.http.servlet.FnServlet@702e5846"], :servlet-request #object[org.eclipse.jetty.server.Request 0x75ac3f79 "Request(POST //localhost:8080/models/no_cyl/invoke)@75ac3f79"], :url-for #object[clojure.lang.Delay 0x4bd010b6 {:status :pending, :val nil}], :io.pedestal.interceptor.chain/execution-id 7, :servlet-config #object[org.eclipse.jetty.servlet.ServletHolder$Config 0x50ae0319 "org.eclipse.jetty.servlet.ServletHolder$Config@50ae0319"], :async? #object[io.pedestal.http.impl.servlet_interceptor$servlet_async_QMARK_ 0x49c72de5 "io.pedestal.http.impl.servlet_interceptor$servlet_async_QMARK_@49c72de5"]}, :line 242}
clojure.lang.ExceptionInfo: java.lang.IllegalArgumentException in Interceptor :io.pedestal.http.impl.servlet-interceptor/ring-response - No implementation of method: :default-content-type of protocol: #'io.pedestal.http.impl.servlet-interceptor/WriteableBody found for class: java.lang.Float
	at io.pedestal.interceptor.chain$throwable__GT_ex_info.invokeStatic(chain.clj:35)
	at io.pedestal.interceptor.chain$throwable__GT_ex_info.invoke(chain.clj:32)
	at io.pedestal.interceptor.chain$try_f.invokeStatic(chain.clj:57)
	at io.pedestal.interceptor.chain$try_f.invoke(chain.clj:44)
	at io.pedestal.interceptor.chain$leave_all_with_binding.invokeStatic(chain.clj:254)
	at io.pedestal.interceptor.chain$leave_all_with_binding.invoke(chain.clj:237)
	at io.pedestal.interceptor.chain$leave_all$fn__10647.invoke(chain.clj:268)
	at clojure.lang.AFn.applyToHelper(AFn.java:152)
	at clojure.lang.AFn.applyTo(AFn.java:144)
	at clojure.core$apply.invokeStatic(core.clj:665)
	at clojure.core$with_bindings_STAR_.invokeStatic(core.clj:1973)
	at clojure.core$with_bindings_STAR_.doInvoke(core.clj:1973)
	at clojure.lang.RestFn.invoke(RestFn.java:425)
	at io.pedestal.interceptor.chain$leave_all.invokeStatic(chain.clj:266)
	at io.pedestal.interceptor.chain$leave_all.invoke(chain.clj:260)
	at io.pedestal.interceptor.chain$execute.invokeStatic(chain.clj:379)
	at io.pedestal.interceptor.chain$execute.invoke(chain.clj:352)
	at io.pedestal.interceptor.chain$execute.invokeStatic(chain.clj:389)
	at io.pedestal.interceptor.chain$execute.invoke(chain.clj:352)
	at io.pedestal.http.impl.servlet_interceptor$interceptor_service_fn$fn__15774.invoke(servlet_interceptor.clj:351)
	at io.pedestal.http.servlet.FnServlet.service(servlet.clj:28)
	at org.eclipse.jetty.servlet.ServletHolder.handle(ServletHolder.java:873)
	at org.eclipse.jetty.servlet.ServletHandler.doHandle(ServletHandler.java:542)
	at org.eclipse.jetty.server.handler.ScopedHandler.nextHandle(ScopedHandler.java:255)
	at org.eclipse.jetty.server.handler.ContextHandler.doHandle(ContextHandler.java:1345)
	at org.eclipse.jetty.server.handler.ScopedHandler.nextScope(ScopedHandler.java:203)
	at org.eclipse.jetty.servlet.ServletHandler.doScope(ServletHandler.java:480)
	at org.eclipse.jetty.server.handler.ScopedHandler.nextScope(ScopedHandler.java:201)
	at org.eclipse.jetty.server.handler.ContextHandler.doScope(ContextHandler.java:1247)
	at org.eclipse.jetty.server.handler.ScopedHandler.handle(ScopedHandler.java:144)
	at org.eclipse.jetty.server.handler.HandlerWrapper.handle(HandlerWrapper.java:132)
	at org.eclipse.jetty.server.Server.handle(Server.java:505)
	at org.eclipse.jetty.server.HttpChannel.handle(HttpChannel.java:370)
	at org.eclipse.jetty.server.HttpConnection.onFillable(HttpConnection.java:267)
	at org.eclipse.jetty.io.AbstractConnection$ReadCallback.succeeded(AbstractConnection.java:305)
	at org.eclipse.jetty.io.FillInterest.fillable(FillInterest.java:103)
	at org.eclipse.jetty.io.ChannelEndPoint$2.run(ChannelEndPoint.java:117)
	at org.eclipse.jetty.util.thread.strategy.EatWhatYouKill.runTask(EatWhatYouKill.java:333)
	at org.eclipse.jetty.util.thread.strategy.EatWhatYouKill.doProduce(EatWhatYouKill.java:310)
	at org.eclipse.jetty.util.thread.strategy.EatWhatYouKill.tryProduce(EatWhatYouKill.java:168)
	at org.eclipse.jetty.util.thread.strategy.EatWhatYouKill.produce(EatWhatYouKill.java:132)
	at org.eclipse.jetty.util.thread.QueuedThreadPool.runJob(QueuedThreadPool.java:698)
	at org.eclipse.jetty.util.thread.QueuedThreadPool$Runner.run(QueuedThreadPool.java:804)
	at java.base/java.lang.Thread.run(Thread.java:834)
Caused by: java.lang.IllegalArgumentException: No implementation of method: :default-content-type of protocol: #'io.pedestal.http.impl.servlet-interceptor/WriteableBody found for class: java.lang.Float
	at clojure.core$_cache_protocol_fn.invokeStatic(core_deftype.clj:583)
	at clojure.core$_cache_protocol_fn.invoke(core_deftype.clj:575)
	at io.pedestal.http.impl.servlet_interceptor$eval15371$fn__15385$G__15360__15390.invoke(servlet_interceptor.clj:38)
	at io.pedestal.http.impl.servlet_interceptor$set_default_content_type.invokeStatic(servlet_interceptor.clj:153)
	at io.pedestal.http.impl.servlet_interceptor$set_default_content_type.invoke(servlet_interceptor.clj:149)
	at io.pedestal.http.impl.servlet_interceptor$set_response.invokeStatic(servlet_interceptor.clj:157)
	at io.pedestal.http.impl.servlet_interceptor$set_response.invoke(servlet_interceptor.clj:155)
	at io.pedestal.http.impl.servlet_interceptor$send_response.invokeStatic(servlet_interceptor.clj:165)
	at io.pedestal.http.impl.servlet_interceptor$send_response.invoke(servlet_interceptor.clj:162)
	at io.pedestal.http.impl.servlet_interceptor$leave_ring_response.invokeStatic(servlet_interceptor.clj:229)
	at io.pedestal.http.impl.servlet_interceptor$leave_ring_response.invoke(servlet_interceptor.clj:218)
	at io.pedestal.interceptor.chain$try_f.invokeStatic(chain.clj:54)
	... 41 common frames omitted
16:18:42.921 [main] INFO  org.eclipse.jetty.util.log  - Logging initialized @6588ms to org.eclipse.jetty.util.log.Slf4jLog
16:18:43.076 [main] INFO  org.eclipse.jetty.server.Server  - jetty-9.4.18.v20190429; built: 2019-04-29T20:42:08.989Z; git: e1bc35120a6617ee3df052294e433f3a25ce7097; jvm 11.0.8+10
16:18:43.100 [main] INFO  o.e.j.server.handler.ContextHandler  - Started o.e.j.s.ServletContextHandler@40fd6931{/,null,AVAILABLE}
16:18:43.134 [main] INFO  o.e.jetty.server.AbstractConnector  - Started ServerConnector@458d6519{HTTP/1.1,[http/1.1, h2c]}{localhost:8080}
16:18:43.134 [main] INFO  org.eclipse.jetty.server.Server  - Started @6803ms
16:18:52.128 [qtp187123764-20] INFO  io.pedestal.http  - {:msg "POST /models", :line 80}
16:18:55.106 [qtp187123764-15] INFO  io.pedestal.http  - {:msg "POST /models/no_cyl/invoke", :line 80}
19:26:17.791 [main] INFO  org.eclipse.jetty.util.log  - Logging initialized @7456ms to org.eclipse.jetty.util.log.Slf4jLog
19:26:17.998 [main] INFO  org.eclipse.jetty.server.Server  - jetty-9.4.18.v20190429; built: 2019-04-29T20:42:08.989Z; git: e1bc35120a6617ee3df052294e433f3a25ce7097; jvm 11.0.8+10
19:26:18.036 [main] INFO  o.e.j.server.handler.ContextHandler  - Started o.e.j.s.ServletContextHandler@40fd6931{/,null,AVAILABLE}
19:26:18.082 [main] INFO  o.e.jetty.server.AbstractConnector  - Started ServerConnector@458d6519{HTTP/1.1,[http/1.1, h2c]}{0.0.0.0:8080}
19:26:18.082 [main] INFO  org.eclipse.jetty.server.Server  - Started @7751ms
19:26:32.826 [qtp187123764-19] INFO  io.pedestal.http  - {:msg "POST /models", :line 80}
19:26:44.195 [qtp187123764-15] INFO  io.pedestal.http  - {:msg "POST /models", :line 80}
19:26:45.433 [qtp187123764-21] INFO  io.pedestal.http  - {:msg "POST /models", :line 80}
19:26:49.814 [qtp187123764-20] INFO  io.pedestal.http  - {:msg "GET /models", :line 80}
19:26:56.452 [qtp187123764-21] INFO  io.pedestal.http  - {:msg "POST /models/no_cyl/invoke", :line 80}
19:26:58.570 [qtp187123764-20] INFO  io.pedestal.http  - {:msg "POST /models/no_cyl/invoke", :line 80}
19:26:59.955 [qtp187123764-21] INFO  io.pedestal.http  - {:msg "POST /models/no_cyl/invoke", :line 80}
19:27:00.572 [qtp187123764-20] INFO  io.pedestal.http  - {:msg "POST /models/no_cyl/invoke", :line 80}
19:49:36.951 [main] INFO  org.eclipse.jetty.util.log  - Logging initialized @7480ms to org.eclipse.jetty.util.log.Slf4jLog
19:49:37.162 [main] INFO  org.eclipse.jetty.server.Server  - jetty-9.4.18.v20190429; built: 2019-04-29T20:42:08.989Z; git: e1bc35120a6617ee3df052294e433f3a25ce7097; jvm 11.0.8+10
19:49:37.202 [main] INFO  o.e.j.server.handler.ContextHandler  - Started o.e.j.s.ServletContextHandler@4fc1ee1e{/,null,AVAILABLE}
19:49:37.254 [main] INFO  o.e.jetty.server.AbstractConnector  - Started ServerConnector@3aea9e4{HTTP/1.1,[http/1.1, h2c]}{0.0.0.0:8080}
19:49:37.254 [main] INFO  org.eclipse.jetty.server.Server  - Started @7788ms
19:49:46.894 [qtp587405910-18] INFO  io.pedestal.http  - {:msg "POST /models", :line 80}
20:25:51.873 [main] INFO  org.eclipse.jetty.util.log  - Logging initialized @7732ms to org.eclipse.jetty.util.log.Slf4jLog
20:25:52.057 [main] INFO  org.eclipse.jetty.server.Server  - jetty-9.4.18.v20190429; built: 2019-04-29T20:42:08.989Z; git: e1bc35120a6617ee3df052294e433f3a25ce7097; jvm 11.0.8+10
20:25:52.090 [main] INFO  o.e.j.server.handler.ContextHandler  - Started o.e.j.s.ServletContextHandler@2b12488{/,null,AVAILABLE}
20:25:52.141 [main] INFO  o.e.jetty.server.AbstractConnector  - Started ServerConnector@2d1c376b{HTTP/1.1,[http/1.1, h2c]}{0.0.0.0:8080}
20:25:52.142 [main] INFO  org.eclipse.jetty.server.Server  - Started @8004ms
20:25:55.394 [qtp469357276-19] INFO  io.pedestal.http  - {:msg "POST /models", :line 80}
20:31:21.624 [main] INFO  org.eclipse.jetty.util.log  - Logging initialized @7241ms to org.eclipse.jetty.util.log.Slf4jLog
20:31:21.783 [main] INFO  org.eclipse.jetty.server.Server  - jetty-9.4.18.v20190429; built: 2019-04-29T20:42:08.989Z; git: e1bc35120a6617ee3df052294e433f3a25ce7097; jvm 11.0.8+10
20:31:21.804 [main] INFO  o.e.j.server.handler.ContextHandler  - Started o.e.j.s.ServletContextHandler@4fc1ee1e{/,null,AVAILABLE}
20:31:21.833 [main] INFO  o.e.jetty.server.AbstractConnector  - Started ServerConnector@3aea9e4{HTTP/1.1,[http/1.1, h2c]}{0.0.0.0:8080}
20:31:21.833 [main] INFO  org.eclipse.jetty.server.Server  - Started @7453ms
20:31:23.065 [qtp587405910-18] INFO  io.pedestal.http  - {:msg "POST /models", :line 80}
20:31:39.139 [qtp587405910-16] INFO  io.pedestal.http  - {:msg "POST /models", :line 80}
20:31:41.567 [qtp587405910-21] INFO  io.pedestal.http  - {:msg "POST /models", :line 80}
20:31:51.890 [qtp587405910-20] INFO  io.pedestal.http  - {:msg "POST /models", :line 80}
20:31:56.257 [qtp587405910-21] INFO  io.pedestal.http  - {:msg "POST /models", :line 80}
20:31:57.248 [qtp587405910-20] INFO  io.pedestal.http  - {:msg "POST /models", :line 80}
20:43:26.302 [main] INFO  org.eclipse.jetty.util.log  - Logging initialized @7453ms to org.eclipse.jetty.util.log.Slf4jLog
20:43:26.510 [main] INFO  org.eclipse.jetty.server.Server  - jetty-9.4.18.v20190429; built: 2019-04-29T20:42:08.989Z; git: e1bc35120a6617ee3df052294e433f3a25ce7097; jvm 11.0.8+10
20:43:26.536 [main] INFO  o.e.j.server.handler.ContextHandler  - Started o.e.j.s.ServletContextHandler@64deb236{/,null,AVAILABLE}
20:43:26.581 [main] INFO  o.e.jetty.server.AbstractConnector  - Started ServerConnector@2d25a125{HTTP/1.1,[http/1.1, h2c]}{0.0.0.0:8080}
20:43:26.581 [main] INFO  org.eclipse.jetty.server.Server  - Started @7735ms
20:44:06.572 [qtp307532010-19] INFO  io.pedestal.http  - {:msg "POST /models", :line 80}
20:44:12.805 [qtp307532010-16] INFO  io.pedestal.http  - {:msg "POST /models", :line 80}
20:44:13.597 [qtp307532010-20] INFO  io.pedestal.http  - {:msg "POST /models", :line 80}
20:46:58.856 [main] INFO  org.eclipse.jetty.util.log  - Logging initialized @6826ms to org.eclipse.jetty.util.log.Slf4jLog
20:46:58.970 [main] INFO  org.eclipse.jetty.server.Server  - jetty-9.4.18.v20190429; built: 2019-04-29T20:42:08.989Z; git: e1bc35120a6617ee3df052294e433f3a25ce7097; jvm 11.0.8+10
20:46:58.990 [main] INFO  o.e.j.server.handler.ContextHandler  - Started o.e.j.s.ServletContextHandler@467ce50a{/,null,AVAILABLE}
20:46:59.020 [main] INFO  o.e.jetty.server.AbstractConnector  - Started ServerConnector@71def98b{HTTP/1.1,[http/1.1, h2c]}{0.0.0.0:8080}
20:46:59.020 [main] INFO  org.eclipse.jetty.server.Server  - Started @6991ms
20:47:03.058 [qtp2111444080-19] INFO  io.pedestal.http  - {:msg "POST /models", :line 80}
